#
# There is insufficient memory for the Java Runtime Environment to continue.
# Native memory allocation (mmap) failed to map 104857600 bytes. Error detail: G1 virtual space
# Possible reasons:
#   The system is out of physical RAM or swap space
#   This process is running with CompressedOops enabled, and the Java Heap may be blocking the growth of the native heap
# Possible solutions:
#   Reduce memory load on the system
#   Increase physical memory or swap space
#   Check if swap backing store is full
#   Decrease Java heap size (-Xmx/-Xms)
#   Decrease number of Java threads
#   Decrease Java thread stack sizes (-Xss)
#   Set larger code cache with -XX:ReservedCodeCacheSize=
#   JVM is running with Unscaled Compressed Oops mode in which the Java heap is
#     placed in the first 4GB address space. The Java Heap base address is the
#     maximum limit for the native heap growth. Please use -XX:HeapBaseMinAddress
#     to set the Java Heap base and to place the Java Heap above 4GB virtual address.
# This output file may be truncated or incomplete.
#
#  Out of Memory Error (os_windows.cpp:3613), pid=10624, tid=19304
#
# JRE version: OpenJDK Runtime Environment OpenLogic-OpenJDK (17.0.11+9) (build 17.0.11+9-adhoc..jdk17u)
# Java VM: OpenJDK 64-Bit Server VM OpenLogic-OpenJDK (17.0.11+9-adhoc..jdk17u, mixed mode, sharing, tiered, compressed oops, compressed class ptrs, g1 gc, windows-amd64)
# No core dump will be written. Minidumps are not enabled by default on client versions of Windows
#

---------------  S U M M A R Y ------------

Command Line: -XX:MaxMetaspaceSize=512m --add-opens=java.base/java.util=ALL-UNNAMED --add-opens=java.base/java.lang=ALL-UNNAMED --add-opens=java.base/java.lang.invoke=ALL-UNNAMED --add-opens=java.prefs/java.util.prefs=ALL-UNNAMED --add-opens=java.base/java.nio.charset=ALL-UNNAMED --add-opens=java.base/java.net=ALL-UNNAMED --add-opens=java.base/java.util.concurrent.atomic=ALL-UNNAMED -Xmx2048m -Dfile.encoding=windows-1252 -Duser.country=IN -Duser.language=en -Duser.variant -javaagent:C:\Users\delos\.gradle\wrapper\dists\gradle-8.6-all\3mbtmo166bl6vumsh5k2lkq5h\gradle-8.6\lib\agents\gradle-instrumentation-agent-8.6.jar org.gradle.launcher.daemon.bootstrap.GradleDaemon 8.6

Host: 11th Gen Intel(R) Core(TM) i5-11300H @ 3.10GHz, 8 cores, 15G,  Windows 11 , 64 bit Build 22621 (10.0.22621.3958)
Time: Mon Aug 19 18:07:47 2024 India Standard Time elapsed time: 14.409854 seconds (0d 0h 0m 14s)

---------------  T H R E A D  ---------------

Current thread (0x0000022e7f9a3f00):  VMThread "VM Thread" [stack: 0x000000e63e900000,0x000000e63ea00000] [id=19304]

Stack: [0x000000e63e900000,0x000000e63ea00000]
Native frames: (J=compiled Java code, j=interpreted, Vv=VM code, C=native code)
V  [jvm.dll+0x67d009]
V  [jvm.dll+0x8348aa]
V  [jvm.dll+0x83636e]
V  [jvm.dll+0x8369d3]
V  [jvm.dll+0x2479df]
V  [jvm.dll+0x679e49]
V  [jvm.dll+0x66e8ba]
V  [jvm.dll+0x30755b]
V  [jvm.dll+0x30ea06]
V  [jvm.dll+0x35e40e]
V  [jvm.dll+0x35e63f]
V  [jvm.dll+0x2de298]
V  [jvm.dll+0x2dc6a4]
V  [jvm.dll+0x2dbcac]
V  [jvm.dll+0x31f6cb]
V  [jvm.dll+0x83aecb]
V  [jvm.dll+0x83bc02]
V  [jvm.dll+0x83c11d]
V  [jvm.dll+0x83c4f4]
V  [jvm.dll+0x83c5c0]
V  [jvm.dll+0x7e3e1a]
V  [jvm.dll+0x67bef5]
C  [ucrtbase.dll+0x29333]
C  [KERNEL32.DLL+0x1257d]
C  [ntdll.dll+0x5af28]

VM_Operation (0x000000e6402f0060): G1CollectForAllocation, mode: safepoint, requested by thread 0x0000022e2528b040


---------------  P R O C E S S  ---------------

Threads class SMR info:
_java_thread_list=0x0000022e29b27a50, length=97, elements={
0x0000022e641b22a0, 0x0000022e7f9aa890, 0x0000022e7f9aaf70, 0x0000022e7f9beab0,
0x0000022e7f9bf190, 0x0000022e7f9c5c90, 0x0000022e7f9c6260, 0x0000022e7f9cac20,
0x0000022e7f9d67f0, 0x0000022e7f9dfd40, 0x0000022e7fa814a0, 0x0000022e7fc65a80,
0x0000022e24a87ac0, 0x0000022e232af290, 0x0000022e258e55f0, 0x0000022e23c1aaa0,
0x0000022e24eaf5e0, 0x0000022e24a3e3b0, 0x0000022e2528b040, 0x0000022e247b1bf0,
0x0000022e247b2100, 0x0000022e247b0cc0, 0x0000022e247b2610, 0x0000022e247af370,
0x0000022e247af880, 0x0000022e247b11d0, 0x0000022e247b16e0, 0x0000022e247afd90,
0x0000022e247b02a0, 0x0000022e247b07b0, 0x0000022e26546060, 0x0000022e26546570,
0x0000022e26544710, 0x0000022e26544200, 0x0000022e26546f90, 0x0000022e265488e0,
0x0000022e26545b50, 0x0000022e26545130, 0x0000022e265423a0, 0x0000022e25acd980,
0x0000022e26542dc0, 0x0000022e265474a0, 0x0000022e265479b0, 0x0000022e26544c20,
0x0000022e26541e90, 0x0000022e26545640, 0x0000022e26541980, 0x0000022e26549300,
0x0000022e265428b0, 0x0000022e265432d0, 0x0000022e265437e0, 0x0000022e26543cf0,
0x0000022e25b929b0, 0x0000022e25b95230, 0x0000022e25b92ec0, 0x0000022e25b97ab0,
0x0000022e25b938e0, 0x0000022e25b91060, 0x0000022e25b95c50, 0x0000022e25b97090,
0x0000022e25b96160, 0x0000022e25b96670, 0x0000022e25b96b80, 0x0000022e25b95740,
0x0000022e25b93df0, 0x0000022e25b975a0, 0x0000022e25b94300, 0x0000022e25b91f90,
0x0000022e25b989e0, 0x0000022e25b933d0, 0x0000022e25b91570, 0x0000022e25b94810,
0x0000022e25b91a80, 0x0000022e25b924a0, 0x0000022e28bfafa0, 0x0000022e28bf9650,
0x0000022e28bfb9c0, 0x0000022e28bfbed0, 0x0000022e28bf8720, 0x0000022e28bfb4b0,
0x0000022e28bfaa90, 0x0000022e28bf9b60, 0x0000022e28bf8c30, 0x0000022e28bfa070,
0x0000022e28bfa580, 0x0000022e28bf9140, 0x0000022e24d2e4c0, 0x0000022e24d30830,
0x0000022e24d33ad0, 0x0000022e24d2dfb0, 0x0000022e24d2e9d0, 0x0000022e24d30d40,
0x0000022e24d33fe0, 0x0000022e24d30320, 0x0000022e24d2eee0, 0x0000022e24d31250,
0x0000022e24d32ba0
}

Java Threads: ( => current thread )
  0x0000022e641b22a0 JavaThread "main" [_thread_blocked, id=25216, stack(0x000000e63e300000,0x000000e63e400000)]
  0x0000022e7f9aa890 JavaThread "Reference Handler" daemon [_thread_blocked, id=23832, stack(0x000000e63ea00000,0x000000e63eb00000)]
  0x0000022e7f9aaf70 JavaThread "Finalizer" daemon [_thread_blocked, id=24372, stack(0x000000e63eb00000,0x000000e63ec00000)]
  0x0000022e7f9beab0 JavaThread "Signal Dispatcher" daemon [_thread_blocked, id=9008, stack(0x000000e63ec00000,0x000000e63ed00000)]
  0x0000022e7f9bf190 JavaThread "Attach Listener" daemon [_thread_blocked, id=25964, stack(0x000000e63ed00000,0x000000e63ee00000)]
  0x0000022e7f9c5c90 JavaThread "Service Thread" daemon [_thread_blocked, id=11600, stack(0x000000e63ee00000,0x000000e63ef00000)]
  0x0000022e7f9c6260 JavaThread "Monitor Deflation Thread" daemon [_thread_blocked, id=27152, stack(0x000000e63ef00000,0x000000e63f000000)]
  0x0000022e7f9cac20 JavaThread "C2 CompilerThread0" daemon [_thread_blocked, id=24992, stack(0x000000e63f000000,0x000000e63f100000)]
  0x0000022e7f9d67f0 JavaThread "C1 CompilerThread0" daemon [_thread_blocked, id=7272, stack(0x000000e63f100000,0x000000e63f200000)]
  0x0000022e7f9dfd40 JavaThread "Sweeper thread" daemon [_thread_blocked, id=19508, stack(0x000000e63f200000,0x000000e63f300000)]
  0x0000022e7fa814a0 JavaThread "Common-Cleaner" daemon [_thread_blocked, id=11080, stack(0x000000e63f300000,0x000000e63f400000)]
  0x0000022e7fc65a80 JavaThread "Notification Thread" daemon [_thread_blocked, id=13460, stack(0x000000e63f500000,0x000000e63f600000)]
  0x0000022e24a87ac0 JavaThread "Daemon health stats" [_thread_blocked, id=26984, stack(0x000000e63fc00000,0x000000e63fd00000)]
  0x0000022e232af290 JavaThread "Incoming local TCP Connector on port 58760" [_thread_in_native, id=6400, stack(0x000000e63fd00000,0x000000e63fe00000)]
  0x0000022e258e55f0 JavaThread "Daemon periodic checks" [_thread_blocked, id=26412, stack(0x000000e63fe00000,0x000000e63ff00000)]
  0x0000022e23c1aaa0 JavaThread "Daemon" [_thread_blocked, id=25876, stack(0x000000e63ff00000,0x000000e640000000)]
  0x0000022e24eaf5e0 JavaThread "Handler for socket connection from /127.0.0.1:58760 to /127.0.0.1:58761" [_thread_in_native, id=11584, stack(0x000000e640000000,0x000000e640100000)]
  0x0000022e24a3e3b0 JavaThread "Cancel handler" [_thread_blocked, id=12888, stack(0x000000e640100000,0x000000e640200000)]
  0x0000022e2528b040 JavaThread "Daemon worker" [_thread_blocked, id=7784, stack(0x000000e640200000,0x000000e640300000)]
  0x0000022e247b1bf0 JavaThread "Asynchronous log dispatcher for DefaultDaemonConnection: socket connection from /127.0.0.1:58760 to /127.0.0.1:58761" [_thread_blocked, id=9844, stack(0x000000e640300000,0x000000e640400000)]
  0x0000022e247b2100 JavaThread "Stdin handler" [_thread_blocked, id=7472, stack(0x000000e640400000,0x000000e640500000)]
  0x0000022e247b0cc0 JavaThread "Daemon client event forwarder" [_thread_blocked, id=27248, stack(0x000000e640500000,0x000000e640600000)]
  0x0000022e247b2610 JavaThread "Cache worker for journal cache (C:\Users\delos\.gradle\caches\journal-1)" [_thread_blocked, id=9988, stack(0x000000e640600000,0x000000e640700000)]
  0x0000022e247af370 JavaThread "File lock request listener" [_thread_in_native, id=17420, stack(0x000000e640700000,0x000000e640800000)]
  0x0000022e247af880 JavaThread "Cache worker for file hash cache (C:\Users\delos\.gradle\caches\8.6\fileHashes)" [_thread_blocked, id=4904, stack(0x000000e640800000,0x000000e640900000)]
  0x0000022e247b11d0 JavaThread "File watcher server" daemon [_thread_blocked, id=9616, stack(0x000000e640900000,0x000000e640a00000)]
  0x0000022e247b16e0 JavaThread "File watcher consumer" daemon [_thread_blocked, id=11152, stack(0x000000e640a00000,0x000000e640b00000)]
  0x0000022e247afd90 JavaThread "Cache worker for checksums cache (C:\Users\delos\OneDrive\Desktop\app\newApp\android\.gradle\8.6\checksums)" [_thread_blocked, id=7524, stack(0x000000e640b00000,0x000000e640c00000)]
  0x0000022e247b02a0 JavaThread "Cache worker for file hash cache (C:\Users\delos\OneDrive\Desktop\app\newApp\android\.gradle\8.6\fileHashes)" [_thread_blocked, id=3780, stack(0x000000e640f00000,0x000000e641000000)]
  0x0000022e247b07b0 JavaThread "Cache worker for cache directory md-supplier (C:\Users\delos\.gradle\caches\8.6\md-supplier)" [_thread_blocked, id=23800, stack(0x000000e641000000,0x000000e641100000)]
  0x0000022e26546060 JavaThread "Cache worker for cache directory md-rule (C:\Users\delos\.gradle\caches\8.6\md-rule)" [_thread_blocked, id=9172, stack(0x000000e641100000,0x000000e641200000)]
  0x0000022e26546570 JavaThread "Cache worker for file content cache (C:\Users\delos\.gradle\caches\8.6\fileContent)" [_thread_blocked, id=25368, stack(0x000000e641200000,0x000000e641300000)]
  0x0000022e26544710 JavaThread "jar transforms" [_thread_blocked, id=15108, stack(0x000000e641300000,0x000000e641400000)]
  0x0000022e26544200 JavaThread "jar transforms Thread 2" [_thread_blocked, id=11488, stack(0x000000e641400000,0x000000e641500000)]
  0x0000022e26546f90 JavaThread "jar transforms Thread 3" [_thread_blocked, id=17632, stack(0x000000e641500000,0x000000e641600000)]
  0x0000022e265488e0 JavaThread "jar transforms Thread 4" [_thread_blocked, id=18296, stack(0x000000e641600000,0x000000e641700000)]
  0x0000022e26545b50 JavaThread "Exec process" [_thread_blocked, id=26704, stack(0x000000e641700000,0x000000e641800000)]
  0x0000022e26545130 JavaThread "Exec process Thread 2" [_thread_blocked, id=16792, stack(0x000000e641800000,0x000000e641900000)]
  0x0000022e265423a0 JavaThread "Exec process Thread 3" [_thread_blocked, id=15020, stack(0x000000e641900000,0x000000e641a00000)]
  0x0000022e25acd980 JavaThread "C2 CompilerThread1" daemon [_thread_blocked, id=14612, stack(0x000000e63f400000,0x000000e63f500000)]
  0x0000022e26542dc0 JavaThread "jar transforms Thread 5" [_thread_blocked, id=22228, stack(0x000000e641b00000,0x000000e641c00000)]
  0x0000022e265474a0 JavaThread "jar transforms Thread 6" [_thread_blocked, id=8168, stack(0x000000e641c00000,0x000000e641d00000)]
  0x0000022e265479b0 JavaThread "Unconstrained build operations" [_thread_blocked, id=22936, stack(0x000000e641d00000,0x000000e641e00000)]
  0x0000022e26544c20 JavaThread "Unconstrained build operations Thread 2" [_thread_blocked, id=13068, stack(0x000000e641e00000,0x000000e641f00000)]
  0x0000022e26541e90 JavaThread "jar transforms Thread 7" [_thread_blocked, id=20780, stack(0x000000e641f00000,0x000000e642000000)]
  0x0000022e26545640 JavaThread "jar transforms Thread 8" [_thread_blocked, id=17576, stack(0x000000e642000000,0x000000e642100000)]
  0x0000022e26541980 JavaThread "Cache worker for Build Output Cleanup Cache (C:\Users\delos\OneDrive\Desktop\app\newApp\node_modules\@react-native\gradle-plugin\.gradle\buildOutputCleanup)" [_thread_blocked, id=22028, stack(0x000000e642100000,0x000000e642200000)]
  0x0000022e26549300 JavaThread "Unconstrained build operations Thread 3" [_thread_blocked, id=12548, stack(0x000000e642200000,0x000000e642300000)]
  0x0000022e265428b0 JavaThread "Unconstrained build operations Thread 4" [_thread_blocked, id=3632, stack(0x000000e642300000,0x000000e642400000)]
  0x0000022e265432d0 JavaThread "Unconstrained build operations Thread 5" [_thread_blocked, id=20972, stack(0x000000e642400000,0x000000e642500000)]
  0x0000022e265437e0 JavaThread "Unconstrained build operations Thread 6" [_thread_blocked, id=19924, stack(0x000000e642500000,0x000000e642600000)]
  0x0000022e26543cf0 JavaThread "Unconstrained build operations Thread 7" [_thread_blocked, id=25140, stack(0x000000e642600000,0x000000e642700000)]
  0x0000022e25b929b0 JavaThread "Unconstrained build operations Thread 8" [_thread_blocked, id=12764, stack(0x000000e642700000,0x000000e642800000)]
  0x0000022e25b95230 JavaThread "Unconstrained build operations Thread 9" [_thread_blocked, id=10800, stack(0x000000e642800000,0x000000e642900000)]
  0x0000022e25b92ec0 JavaThread "build event listener" [_thread_blocked, id=7804, stack(0x000000e642900000,0x000000e642a00000)]
  0x0000022e25b97ab0 JavaThread "Memory manager" [_thread_blocked, id=14468, stack(0x000000e642a00000,0x000000e642b00000)]
  0x0000022e25b938e0 JavaThread "Cache worker for Build Output Cleanup Cache (C:\Users\delos\OneDrive\Desktop\app\newApp\android\.gradle\buildOutputCleanup)" [_thread_blocked, id=24852, stack(0x000000e641a00000,0x000000e641b00000)]
  0x0000022e25b91060 JavaThread "ForkJoinPool.commonPool-worker-1" daemon [_thread_blocked, id=26428, stack(0x000000e642b00000,0x000000e642c00000)]
  0x0000022e25b95c50 JavaThread "ForkJoinPool.commonPool-worker-2" daemon [_thread_blocked, id=21948, stack(0x000000e642c00000,0x000000e642d00000)]
  0x0000022e25b97090 JavaThread "ForkJoinPool.commonPool-worker-3" daemon [_thread_blocked, id=19808, stack(0x000000e642d00000,0x000000e642e00000)]
  0x0000022e25b96160 JavaThread "ForkJoinPool.commonPool-worker-4" daemon [_thread_blocked, id=9796, stack(0x000000e642e00000,0x000000e642f00000)]
  0x0000022e25b96670 JavaThread "ForkJoinPool.commonPool-worker-5" daemon [_thread_blocked, id=7964, stack(0x000000e642f00000,0x000000e643000000)]
  0x0000022e25b96b80 JavaThread "ForkJoinPool.commonPool-worker-6" daemon [_thread_blocked, id=25188, stack(0x000000e643000000,0x000000e643100000)]
  0x0000022e25b95740 JavaThread "ForkJoinPool.commonPool-worker-7" daemon [_thread_blocked, id=23396, stack(0x000000e643100000,0x000000e643200000)]
  0x0000022e25b93df0 JavaThread "included builds" [_thread_blocked, id=4540, stack(0x000000e643200000,0x000000e643300000)]
  0x0000022e25b975a0 JavaThread "Execution worker" [_thread_blocked, id=17204, stack(0x000000e643300000,0x000000e643400000)]
  0x0000022e25b94300 JavaThread "Execution worker Thread 2" [_thread_blocked, id=23808, stack(0x000000e643400000,0x000000e643500000)]
  0x0000022e25b91f90 JavaThread "Execution worker Thread 3" [_thread_blocked, id=14516, stack(0x000000e643500000,0x000000e643600000)]
  0x0000022e25b989e0 JavaThread "Execution worker Thread 4" [_thread_blocked, id=12592, stack(0x000000e643600000,0x000000e643700000)]
  0x0000022e25b933d0 JavaThread "Execution worker Thread 5" [_thread_blocked, id=18716, stack(0x000000e643700000,0x000000e643800000)]
  0x0000022e25b91570 JavaThread "Execution worker Thread 6" [_thread_blocked, id=19576, stack(0x000000e643800000,0x000000e643900000)]
  0x0000022e25b94810 JavaThread "Execution worker Thread 7" [_thread_blocked, id=26240, stack(0x000000e643900000,0x000000e643a00000)]
  0x0000022e25b91a80 JavaThread "Cache worker for execution history cache (C:\Users\delos\OneDrive\Desktop\app\newApp\node_modules\@react-native\gradle-plugin\.gradle\8.6\executionHistory)" [_thread_blocked, id=5084, stack(0x000000e643a00000,0x000000e643b00000)]
  0x0000022e25b924a0 JavaThread "Unconstrained build operations Thread 10" [_thread_blocked, id=9408, stack(0x000000e643b00000,0x000000e643c00000)]
  0x0000022e28bfafa0 JavaThread "Unconstrained build operations Thread 11" [_thread_blocked, id=22312, stack(0x000000e643c00000,0x000000e643d00000)]
  0x0000022e28bf9650 JavaThread "Unconstrained build operations Thread 12" [_thread_blocked, id=25148, stack(0x000000e643d00000,0x000000e643e00000)]
  0x0000022e28bfb9c0 JavaThread "Unconstrained build operations Thread 13" [_thread_blocked, id=19836, stack(0x000000e643e00000,0x000000e643f00000)]
  0x0000022e28bfbed0 JavaThread "Unconstrained build operations Thread 14" [_thread_blocked, id=15596, stack(0x000000e643f00000,0x000000e644000000)]
  0x0000022e28bf8720 JavaThread "Unconstrained build operations Thread 15" [_thread_blocked, id=15580, stack(0x000000e644000000,0x000000e644100000)]
  0x0000022e28bfb4b0 JavaThread "Unconstrained build operations Thread 16" [_thread_blocked, id=26716, stack(0x000000e644100000,0x000000e644200000)]
  0x0000022e28bfaa90 JavaThread "Unconstrained build operations Thread 17" [_thread_blocked, id=12760, stack(0x000000e644200000,0x000000e644300000)]
  0x0000022e28bf9b60 JavaThread "Unconstrained build operations Thread 18" [_thread_blocked, id=12376, stack(0x000000e644300000,0x000000e644400000)]
  0x0000022e28bf8c30 JavaThread "Unconstrained build operations Thread 19" [_thread_blocked, id=14956, stack(0x000000e644400000,0x000000e644500000)]
  0x0000022e28bfa070 JavaThread "Unconstrained build operations Thread 20" [_thread_blocked, id=15268, stack(0x000000e644500000,0x000000e644600000)]
  0x0000022e28bfa580 JavaThread "Unconstrained build operations Thread 21" [_thread_blocked, id=12884, stack(0x000000e644600000,0x000000e644700000)]
  0x0000022e28bf9140 JavaThread "Unconstrained build operations Thread 22" [_thread_blocked, id=548, stack(0x000000e644700000,0x000000e644800000)]
  0x0000022e24d2e4c0 JavaThread "Unconstrained build operations Thread 23" [_thread_blocked, id=18820, stack(0x000000e644800000,0x000000e644900000)]
  0x0000022e24d30830 JavaThread "Unconstrained build operations Thread 24" [_thread_blocked, id=23648, stack(0x000000e644900000,0x000000e644a00000)]
  0x0000022e24d33ad0 JavaThread "Unconstrained build operations Thread 25" [_thread_blocked, id=5328, stack(0x000000e644a00000,0x000000e644b00000)]
  0x0000022e24d2dfb0 JavaThread "Unconstrained build operations Thread 26" [_thread_blocked, id=23448, stack(0x000000e644b00000,0x000000e644c00000)]
  0x0000022e24d2e9d0 JavaThread "Unconstrained build operations Thread 27" [_thread_blocked, id=21292, stack(0x000000e644c00000,0x000000e644d00000)]
  0x0000022e24d30d40 JavaThread "Unconstrained build operations Thread 28" [_thread_blocked, id=12516, stack(0x000000e644d00000,0x000000e644e00000)]
  0x0000022e24d33fe0 JavaThread "Unconstrained build operations Thread 29" [_thread_blocked, id=15100, stack(0x000000e644e00000,0x000000e644f00000)]
  0x0000022e24d30320 JavaThread "Unconstrained build operations Thread 30" [_thread_blocked, id=26660, stack(0x000000e644f00000,0x000000e645000000)]
  0x0000022e24d2eee0 JavaThread "Unconstrained build operations Thread 31" [_thread_blocked, id=6852, stack(0x000000e645000000,0x000000e645100000)]
  0x0000022e24d31250 JavaThread "Unconstrained build operations Thread 32" [_thread_blocked, id=25016, stack(0x000000e645100000,0x000000e645200000)]
  0x0000022e24d32ba0 JavaThread "build event listener" [_thread_blocked, id=1872, stack(0x000000e645200000,0x000000e645300000)]

Other Threads:
=>0x0000022e7f9a3f00 VMThread "VM Thread" [stack: 0x000000e63e900000,0x000000e63ea00000] [id=19304]
  0x0000022e641b3120 WatcherThread [stack: 0x000000e63f600000,0x000000e63f700000] [id=20244]
  0x0000022e6420d400 GCTaskThread "GC Thread#0" [stack: 0x000000e63e400000,0x000000e63e500000] [id=10196]
  0x0000022e7fd7dc90 GCTaskThread "GC Thread#1" [stack: 0x000000e63f700000,0x000000e63f800000] [id=13516]
  0x0000022e7fd7e790 GCTaskThread "GC Thread#2" [stack: 0x000000e63f800000,0x000000e63f900000] [id=18996]
  0x0000022e7fd7f290 GCTaskThread "GC Thread#3" [stack: 0x000000e63f900000,0x000000e63fa00000] [id=15668]
  0x0000022e7fd7ea50 GCTaskThread "GC Thread#4" [stack: 0x000000e63fa00000,0x000000e63fb00000] [id=22752]
  0x0000022e7fd7f550 GCTaskThread "GC Thread#5" [stack: 0x000000e63fb00000,0x000000e63fc00000] [id=15808]
  0x0000022e7fd7e4d0 GCTaskThread "GC Thread#6" [stack: 0x000000e640c00000,0x000000e640d00000] [id=684]
  0x0000022e260aaf90 GCTaskThread "GC Thread#7" [stack: 0x000000e640d00000,0x000000e640e00000] [id=10612]
  0x0000022e6421e350 ConcurrentGCThread "G1 Main Marker" [stack: 0x000000e63e500000,0x000000e63e600000] [id=21440]
  0x0000022e6421fd80 ConcurrentGCThread "G1 Conc#0" [stack: 0x000000e63e600000,0x000000e63e700000] [id=17412]
  0x0000022e260acb10 ConcurrentGCThread "G1 Conc#1" [stack: 0x000000e640e00000,0x000000e640f00000] [id=19592]
  0x0000022e6425dbd0 ConcurrentGCThread "G1 Refine#0" [stack: 0x000000e63e700000,0x000000e63e800000] [id=21352]
  0x0000022e7f8e2390 ConcurrentGCThread "G1 Service" [stack: 0x000000e63e800000,0x000000e63e900000] [id=17344]

Threads with active compile tasks:

VM state: at safepoint (normal execution)

VM Mutex/Monitor currently owned by a thread:  ([mutex/lock_event])
[0x0000022e641af020] Threads_lock - owner thread: 0x0000022e7f9a3f00
[0x0000022e641aec30] Heap_lock - owner thread: 0x0000022e2528b040

Heap address: 0x0000000080000000, size: 2048 MB, Compressed Oops mode: 32-bit

CDS archive(s) mapped at: [0x0000022e04000000-0x0000022e04bc0000-0x0000022e04bc0000), size 12320768, SharedBaseAddress: 0x0000022e04000000, ArchiveRelocationMode: 1.
Compressed class space mapped at: 0x0000022e05000000-0x0000022e1f000000, reserved size: 436207616
Narrow klass base: 0x0000022e04000000, Narrow klass shift: 0, Narrow klass range: 0x100000000

GC Precious Log:
 CPUs: 8 total, 8 available
 Memory: 16167M
 Large Page Support: Disabled
 NUMA Support: Disabled
 Compressed Oops: Enabled (32-bit)
 Heap Region Size: 1M
 Heap Min Capacity: 8M
 Heap Initial Capacity: 254M
 Heap Max Capacity: 2G
 Pre-touch: Disabled
 Parallel Workers: 8
 Concurrent Workers: 2
 Concurrent Refinement Workers: 8
 Periodic GC: Disabled

Heap:
 garbage-first heap   total 157696K, used 89465K [0x0000000080000000, 0x0000000100000000)
  region size 1024K, 2 young (2048K), 2 survivors (2048K)
 Metaspace       used 79650K, committed 80384K, reserved 557056K
  class space    used 11182K, committed 11520K, reserved 425984K

Heap Regions: E=young(eden), S=young(survivor), O=old, HS=humongous(starts), HC=humongous(continues), CS=collection set, F=free, OA=open archive, CA=closed archive, TAMS=top-at-mark-start (previous, next)
|   0|0x0000000080000000, 0x0000000080100000, 0x0000000080100000|100%|HS|  |TAMS 0x0000000080100000, 0x0000000080000000| Complete 
|   1|0x0000000080100000, 0x0000000080200000, 0x0000000080200000|100%|HC|  |TAMS 0x0000000080200000, 0x0000000080100000| Complete 
|   2|0x0000000080200000, 0x0000000080300000, 0x0000000080300000|100%|HC|  |TAMS 0x0000000080300000, 0x0000000080200000| Complete 
|   3|0x0000000080300000, 0x0000000080400000, 0x0000000080400000|100%|HC|  |TAMS 0x0000000080400000, 0x0000000080300000| Complete 
|   4|0x0000000080400000, 0x0000000080500000, 0x0000000080500000|100%| O|  |TAMS 0x0000000080500000, 0x0000000080400000| Untracked 
|   5|0x0000000080500000, 0x0000000080600000, 0x0000000080600000|100%| O|  |TAMS 0x0000000080600000, 0x0000000080500000| Untracked 
|   6|0x0000000080600000, 0x0000000080700000, 0x0000000080700000|100%| O|  |TAMS 0x0000000080700000, 0x0000000080600000| Untracked 
|   7|0x0000000080700000, 0x0000000080800000, 0x0000000080800000|100%| O|  |TAMS 0x0000000080800000, 0x0000000080700000| Untracked 
|   8|0x0000000080800000, 0x0000000080900000, 0x0000000080900000|100%| O|  |TAMS 0x0000000080900000, 0x0000000080800000| Untracked 
|   9|0x0000000080900000, 0x0000000080a00000, 0x0000000080a00000|100%| O|  |TAMS 0x0000000080a00000, 0x0000000080900000| Untracked 
|  10|0x0000000080a00000, 0x0000000080ac9200, 0x0000000080b00000| 78%| O|  |TAMS 0x0000000080ac9200, 0x0000000080a00000| Untracked 
|  11|0x0000000080b00000, 0x0000000080c00000, 0x0000000080c00000|100%| O|  |TAMS 0x0000000080c00000, 0x0000000080b00000| Untracked 
|  12|0x0000000080c00000, 0x0000000080d00000, 0x0000000080d00000|100%| O|  |TAMS 0x0000000080d00000, 0x0000000080c00000| Untracked 
|  13|0x0000000080d00000, 0x0000000080e00000, 0x0000000080e00000|100%| O|  |TAMS 0x0000000080e00000, 0x0000000080d00000| Untracked 
|  14|0x0000000080e00000, 0x0000000080f00000, 0x0000000080f00000|100%| O|  |TAMS 0x0000000080f00000, 0x0000000080e00000| Untracked 
|  15|0x0000000080f00000, 0x0000000081000000, 0x0000000081000000|100%| O|  |TAMS 0x0000000081000000, 0x0000000080f00000| Untracked 
|  16|0x0000000081000000, 0x0000000081100000, 0x0000000081100000|100%| O|  |TAMS 0x0000000081100000, 0x0000000081000000| Untracked 
|  17|0x0000000081100000, 0x0000000081200000, 0x0000000081200000|100%| O|  |TAMS 0x0000000081200000, 0x0000000081100000| Untracked 
|  18|0x0000000081200000, 0x0000000081300000, 0x0000000081300000|100%| O|  |TAMS 0x0000000081300000, 0x0000000081200000| Untracked 
|  19|0x0000000081300000, 0x0000000081400000, 0x0000000081400000|100%| O|  |TAMS 0x0000000081400000, 0x0000000081300000| Untracked 
|  20|0x0000000081400000, 0x0000000081500000, 0x0000000081500000|100%| O|  |TAMS 0x0000000081500000, 0x0000000081400000| Untracked 
|  21|0x0000000081500000, 0x0000000081600000, 0x0000000081600000|100%| O|  |TAMS 0x0000000081600000, 0x0000000081500000| Untracked 
|  22|0x0000000081600000, 0x0000000081700000, 0x0000000081700000|100%| O|  |TAMS 0x0000000081700000, 0x0000000081600000| Untracked 
|  23|0x0000000081700000, 0x0000000081800000, 0x0000000081800000|100%| O|  |TAMS 0x0000000081800000, 0x0000000081700000| Untracked 
|  24|0x0000000081800000, 0x0000000081900000, 0x0000000081900000|100%| O|  |TAMS 0x0000000081900000, 0x0000000081800000| Untracked 
|  25|0x0000000081900000, 0x0000000081a00000, 0x0000000081a00000|100%| O|  |TAMS 0x0000000081900000, 0x0000000081900000| Untracked 
|  26|0x0000000081a00000, 0x0000000081b00000, 0x0000000081b00000|100%| O|  |TAMS 0x0000000081b00000, 0x0000000081a00000| Untracked 
|  27|0x0000000081b00000, 0x0000000081c00000, 0x0000000081c00000|100%| O|  |TAMS 0x0000000081c00000, 0x0000000081b00000| Untracked 
|  28|0x0000000081c00000, 0x0000000081d00000, 0x0000000081d00000|100%| O|  |TAMS 0x0000000081d00000, 0x0000000081c00000| Untracked 
|  29|0x0000000081d00000, 0x0000000081e00000, 0x0000000081e00000|100%| O|  |TAMS 0x0000000081e00000, 0x0000000081d00000| Untracked 
|  30|0x0000000081e00000, 0x0000000081f00000, 0x0000000081f00000|100%| O|  |TAMS 0x0000000081f00000, 0x0000000081e00000| Untracked 
|  31|0x0000000081f00000, 0x0000000082000000, 0x0000000082000000|100%| O|  |TAMS 0x0000000082000000, 0x0000000081f00000| Untracked 
|  32|0x0000000082000000, 0x0000000082100000, 0x0000000082100000|100%| O|  |TAMS 0x0000000082100000, 0x0000000082000000| Untracked 
|  33|0x0000000082100000, 0x0000000082200000, 0x0000000082200000|100%| O|  |TAMS 0x0000000082200000, 0x0000000082100000| Untracked 
|  34|0x0000000082200000, 0x0000000082300000, 0x0000000082300000|100%| O|  |TAMS 0x0000000082300000, 0x0000000082200000| Untracked 
|  35|0x0000000082300000, 0x0000000082400000, 0x0000000082400000|100%| O|  |TAMS 0x0000000082400000, 0x0000000082300000| Untracked 
|  36|0x0000000082400000, 0x0000000082500000, 0x0000000082500000|100%| O|  |TAMS 0x0000000082500000, 0x0000000082400000| Untracked 
|  37|0x0000000082500000, 0x0000000082600000, 0x0000000082600000|100%| O|  |TAMS 0x0000000082600000, 0x0000000082500000| Untracked 
|  38|0x0000000082600000, 0x0000000082700000, 0x0000000082700000|100%| O|  |TAMS 0x0000000082700000, 0x0000000082600000| Untracked 
|  39|0x0000000082700000, 0x0000000082800000, 0x0000000082800000|100%| O|  |TAMS 0x0000000082800000, 0x0000000082700000| Untracked 
|  40|0x0000000082800000, 0x0000000082900000, 0x0000000082900000|100%|HS|  |TAMS 0x0000000082900000, 0x0000000082800000| Complete 
|  41|0x0000000082900000, 0x0000000082a00000, 0x0000000082a00000|100%|HC|  |TAMS 0x0000000082a00000, 0x0000000082900000| Complete 
|  42|0x0000000082a00000, 0x0000000082b00000, 0x0000000082b00000|100%|HS|  |TAMS 0x0000000082b00000, 0x0000000082a00000| Complete 
|  43|0x0000000082b00000, 0x0000000082c00000, 0x0000000082c00000|100%|HC|  |TAMS 0x0000000082c00000, 0x0000000082b00000| Complete 
|  44|0x0000000082c00000, 0x0000000082d00000, 0x0000000082d00000|100%| O|  |TAMS 0x0000000082d00000, 0x0000000082c00000| Untracked 
|  45|0x0000000082d00000, 0x0000000082e00000, 0x0000000082e00000|100%|HS|  |TAMS 0x0000000082e00000, 0x0000000082d00000| Complete 
|  46|0x0000000082e00000, 0x0000000082f00000, 0x0000000082f00000|100%|HC|  |TAMS 0x0000000082f00000, 0x0000000082e00000| Complete 
|  47|0x0000000082f00000, 0x0000000083000000, 0x0000000083000000|100%|HC|  |TAMS 0x0000000083000000, 0x0000000082f00000| Complete 
|  48|0x0000000083000000, 0x0000000083100000, 0x0000000083100000|100%|HC|  |TAMS 0x0000000083100000, 0x0000000083000000| Complete 
|  49|0x0000000083100000, 0x0000000083200000, 0x0000000083200000|100%| O|  |TAMS 0x0000000083200000, 0x0000000083100000| Untracked 
|  50|0x0000000083200000, 0x0000000083300000, 0x0000000083300000|100%|HS|  |TAMS 0x0000000083300000, 0x0000000083200000| Complete 
|  51|0x0000000083300000, 0x0000000083300000, 0x0000000083400000|  0%| F|  |TAMS 0x0000000083300000, 0x0000000083300000| Untracked 
|  52|0x0000000083400000, 0x0000000083500000, 0x0000000083500000|100%| O|  |TAMS 0x0000000083500000, 0x0000000083400000| Untracked 
|  53|0x0000000083500000, 0x0000000083600000, 0x0000000083600000|100%| O|  |TAMS 0x0000000083600000, 0x0000000083500000| Untracked 
|  54|0x0000000083600000, 0x0000000083700000, 0x0000000083700000|100%| O|  |TAMS 0x0000000083700000, 0x0000000083600000| Untracked 
|  55|0x0000000083700000, 0x0000000083800000, 0x0000000083800000|100%|HS|  |TAMS 0x0000000083800000, 0x0000000083700000| Complete 
|  56|0x0000000083800000, 0x0000000083900000, 0x0000000083900000|100%|HC|  |TAMS 0x0000000083900000, 0x0000000083800000| Complete 
|  57|0x0000000083900000, 0x0000000083a00000, 0x0000000083a00000|100%|HC|  |TAMS 0x0000000083a00000, 0x0000000083900000| Complete 
|  58|0x0000000083a00000, 0x0000000083b00000, 0x0000000083b00000|100%|HC|  |TAMS 0x0000000083b00000, 0x0000000083a00000| Complete 
|  59|0x0000000083b00000, 0x0000000083c00000, 0x0000000083c00000|100%| O|  |TAMS 0x0000000083c00000, 0x0000000083b00000| Untracked 
|  60|0x0000000083c00000, 0x0000000083d00000, 0x0000000083d00000|100%| O|  |TAMS 0x0000000083d00000, 0x0000000083c00000| Untracked 
|  61|0x0000000083d00000, 0x0000000083e00000, 0x0000000083e00000|100%| O|  |TAMS 0x0000000083e00000, 0x0000000083d00000| Untracked 
|  62|0x0000000083e00000, 0x0000000083f00000, 0x0000000083f00000|100%| O|  |TAMS 0x0000000083f00000, 0x0000000083e00000| Untracked 
|  63|0x0000000083f00000, 0x0000000084000000, 0x0000000084000000|100%| O|  |TAMS 0x0000000084000000, 0x0000000083f00000| Untracked 
|  64|0x0000000084000000, 0x0000000084100000, 0x0000000084100000|100%| O|  |TAMS 0x0000000084100000, 0x0000000084000000| Untracked 
|  65|0x0000000084100000, 0x0000000084200000, 0x0000000084200000|100%| O|  |TAMS 0x0000000084200000, 0x0000000084100000| Untracked 
|  66|0x0000000084200000, 0x0000000084300000, 0x0000000084300000|100%| O|  |TAMS 0x0000000084300000, 0x0000000084200000| Untracked 
|  67|0x0000000084300000, 0x0000000084400000, 0x0000000084400000|100%| O|  |TAMS 0x0000000084400000, 0x0000000084300000| Untracked 
|  68|0x0000000084400000, 0x0000000084500000, 0x0000000084500000|100%|HS|  |TAMS 0x0000000084500000, 0x0000000084400000| Complete 
|  69|0x0000000084500000, 0x0000000084600000, 0x0000000084600000|100%|HS|  |TAMS 0x0000000084600000, 0x0000000084500000| Complete 
|  70|0x0000000084600000, 0x0000000084700000, 0x0000000084700000|100%| O|  |TAMS 0x0000000084700000, 0x0000000084600000| Untracked 
|  71|0x0000000084700000, 0x0000000084800000, 0x0000000084800000|100%|HS|  |TAMS 0x0000000084800000, 0x0000000084700000| Complete 
|  72|0x0000000084800000, 0x0000000084900000, 0x0000000084900000|100%|HS|  |TAMS 0x0000000084900000, 0x0000000084800000| Complete 
|  73|0x0000000084900000, 0x0000000084a00000, 0x0000000084a00000|100%| O|  |TAMS 0x0000000084a00000, 0x0000000084900000| Untracked 
|  74|0x0000000084a00000, 0x0000000084b00000, 0x0000000084b00000|100%| O|  |TAMS 0x0000000084b00000, 0x0000000084a00000| Untracked 
|  75|0x0000000084b00000, 0x0000000084c00000, 0x0000000084c00000|100%| O|  |TAMS 0x0000000084c00000, 0x0000000084b00000| Untracked 
|  76|0x0000000084c00000, 0x0000000084d00000, 0x0000000084d00000|100%| O|  |TAMS 0x0000000084d00000, 0x0000000084c00000| Untracked 
|  77|0x0000000084d00000, 0x0000000084e00000, 0x0000000084e00000|100%| O|  |TAMS 0x0000000084e00000, 0x0000000084d00000| Untracked 
|  78|0x0000000084e00000, 0x0000000084f00000, 0x0000000084f00000|100%| O|  |TAMS 0x0000000084f00000, 0x0000000084e00000| Untracked 
|  79|0x0000000084f00000, 0x0000000085000000, 0x0000000085000000|100%| O|  |TAMS 0x0000000085000000, 0x0000000084f00000| Untracked 
|  80|0x0000000085000000, 0x0000000085100000, 0x0000000085100000|100%| O|  |TAMS 0x0000000085100000, 0x0000000085000000| Untracked 
|  81|0x0000000085100000, 0x0000000085200000, 0x0000000085200000|100%| O|  |TAMS 0x0000000085156a00, 0x0000000085100000| Untracked 
|  82|0x0000000085200000, 0x0000000085300000, 0x0000000085300000|100%| O|  |TAMS 0x0000000085200000, 0x0000000085200000| Untracked 
|  83|0x0000000085300000, 0x0000000085400000, 0x0000000085400000|100%| O|  |TAMS 0x0000000085300000, 0x0000000085300000| Untracked 
|  84|0x0000000085400000, 0x0000000085500000, 0x0000000085500000|100%| O|  |TAMS 0x0000000085400000, 0x0000000085400000| Untracked 
|  85|0x0000000085500000, 0x0000000085600000, 0x0000000085600000|100%| O|  |TAMS 0x0000000085500000, 0x0000000085500000| Untracked 
|  86|0x0000000085600000, 0x0000000085700000, 0x0000000085700000|100%| O|  |TAMS 0x0000000085600000, 0x0000000085600000| Untracked 
|  87|0x0000000085700000, 0x0000000085700000, 0x0000000085800000|  0%| F|  |TAMS 0x0000000085700000, 0x0000000085700000| Untracked 
|  88|0x0000000085800000, 0x0000000085800000, 0x0000000085900000|  0%| F|  |TAMS 0x0000000085800000, 0x0000000085800000| Untracked 
|  89|0x0000000085900000, 0x0000000085900000, 0x0000000085a00000|  0%| F|  |TAMS 0x0000000085900000, 0x0000000085900000| Untracked 
|  90|0x0000000085a00000, 0x0000000085a00000, 0x0000000085b00000|  0%| F|  |TAMS 0x0000000085a00000, 0x0000000085a00000| Untracked 
|  91|0x0000000085b00000, 0x0000000085b00000, 0x0000000085c00000|  0%| F|  |TAMS 0x0000000085b00000, 0x0000000085b00000| Untracked 
|  92|0x0000000085c00000, 0x0000000085c00000, 0x0000000085d00000|  0%| F|  |TAMS 0x0000000085c00000, 0x0000000085c00000| Untracked 
|  93|0x0000000085d00000, 0x0000000085d00000, 0x0000000085e00000|  0%| F|  |TAMS 0x0000000085d00000, 0x0000000085d00000| Untracked 
|  94|0x0000000085e00000, 0x0000000085e00000, 0x0000000085f00000|  0%| F|  |TAMS 0x0000000085e00000, 0x0000000085e00000| Untracked 
|  95|0x0000000085f00000, 0x0000000085f00000, 0x0000000086000000|  0%| F|  |TAMS 0x0000000085f00000, 0x0000000085f00000| Untracked 
|  96|0x0000000086000000, 0x0000000086000000, 0x0000000086100000|  0%| F|  |TAMS 0x0000000086000000, 0x0000000086000000| Untracked 
|  97|0x0000000086100000, 0x0000000086100000, 0x0000000086200000|  0%| F|  |TAMS 0x0000000086100000, 0x0000000086100000| Untracked 
|  98|0x0000000086200000, 0x0000000086200000, 0x0000000086300000|  0%| F|  |TAMS 0x0000000086200000, 0x0000000086200000| Untracked 
|  99|0x0000000086300000, 0x0000000086300000, 0x0000000086400000|  0%| F|  |TAMS 0x0000000086300000, 0x0000000086300000| Untracked 
| 100|0x0000000086400000, 0x0000000086400000, 0x0000000086500000|  0%| F|  |TAMS 0x0000000086400000, 0x0000000086400000| Untracked 
| 101|0x0000000086500000, 0x0000000086500000, 0x0000000086600000|  0%| F|  |TAMS 0x0000000086500000, 0x0000000086500000| Untracked 
| 102|0x0000000086600000, 0x0000000086600000, 0x0000000086700000|  0%| F|  |TAMS 0x0000000086600000, 0x0000000086600000| Untracked 
| 103|0x0000000086700000, 0x0000000086700000, 0x0000000086800000|  0%| F|  |TAMS 0x0000000086700000, 0x0000000086700000| Untracked 
| 104|0x0000000086800000, 0x0000000086800000, 0x0000000086900000|  0%| F|  |TAMS 0x0000000086800000, 0x0000000086800000| Untracked 
| 105|0x0000000086900000, 0x0000000086900000, 0x0000000086a00000|  0%| F|  |TAMS 0x0000000086900000, 0x0000000086900000| Untracked 
| 106|0x0000000086a00000, 0x0000000086a00000, 0x0000000086b00000|  0%| F|  |TAMS 0x0000000086a00000, 0x0000000086a00000| Untracked 
| 107|0x0000000086b00000, 0x0000000086b00000, 0x0000000086c00000|  0%| F|  |TAMS 0x0000000086b00000, 0x0000000086b00000| Untracked 
| 108|0x0000000086c00000, 0x0000000086c00000, 0x0000000086d00000|  0%| F|  |TAMS 0x0000000086c00000, 0x0000000086c00000| Untracked 
| 109|0x0000000086d00000, 0x0000000086d00000, 0x0000000086e00000|  0%| F|  |TAMS 0x0000000086d00000, 0x0000000086d00000| Untracked 
| 110|0x0000000086e00000, 0x0000000086e95460, 0x0000000086f00000| 58%| S|CS|TAMS 0x0000000086e00000, 0x0000000086e00000| Complete 
| 111|0x0000000086f00000, 0x0000000087000000, 0x0000000087000000|100%| S|CS|TAMS 0x0000000086f00000, 0x0000000086f00000| Complete 
| 112|0x0000000087000000, 0x0000000087000000, 0x0000000087100000|  0%| F|  |TAMS 0x0000000087000000, 0x0000000087000000| Untracked 
| 113|0x0000000087100000, 0x0000000087100000, 0x0000000087200000|  0%| F|  |TAMS 0x0000000087100000, 0x0000000087100000| Untracked 
| 114|0x0000000087200000, 0x0000000087200000, 0x0000000087300000|  0%| F|  |TAMS 0x0000000087200000, 0x0000000087200000| Untracked 
| 115|0x0000000087300000, 0x0000000087300000, 0x0000000087400000|  0%| F|  |TAMS 0x0000000087300000, 0x0000000087300000| Untracked 
| 116|0x0000000087400000, 0x0000000087400000, 0x0000000087500000|  0%| F|  |TAMS 0x0000000087400000, 0x0000000087400000| Untracked 
| 117|0x0000000087500000, 0x0000000087500000, 0x0000000087600000|  0%| F|  |TAMS 0x0000000087500000, 0x0000000087500000| Untracked 
| 118|0x0000000087600000, 0x0000000087600000, 0x0000000087700000|  0%| F|  |TAMS 0x0000000087600000, 0x0000000087600000| Untracked 
| 119|0x0000000087700000, 0x0000000087700000, 0x0000000087800000|  0%| F|  |TAMS 0x0000000087700000, 0x0000000087700000| Untracked 
| 120|0x0000000087800000, 0x0000000087800000, 0x0000000087900000|  0%| F|  |TAMS 0x0000000087800000, 0x0000000087800000| Untracked 
| 121|0x0000000087900000, 0x0000000087900000, 0x0000000087a00000|  0%| F|  |TAMS 0x0000000087900000, 0x0000000087900000| Untracked 
| 122|0x0000000087a00000, 0x0000000087a00000, 0x0000000087b00000|  0%| F|  |TAMS 0x0000000087a00000, 0x0000000087a00000| Untracked 
| 123|0x0000000087b00000, 0x0000000087b00000, 0x0000000087c00000|  0%| F|  |TAMS 0x0000000087b00000, 0x0000000087b00000| Untracked 
| 124|0x0000000087c00000, 0x0000000087c00000, 0x0000000087d00000|  0%| F|  |TAMS 0x0000000087c00000, 0x0000000087c00000| Untracked 
| 125|0x0000000087d00000, 0x0000000087d00000, 0x0000000087e00000|  0%| F|  |TAMS 0x0000000087d00000, 0x0000000087d00000| Untracked 
| 126|0x0000000087e00000, 0x0000000087e00000, 0x0000000087f00000|  0%| F|  |TAMS 0x0000000087e00000, 0x0000000087e00000| Untracked 
| 127|0x0000000087f00000, 0x0000000087f00000, 0x0000000088000000|  0%| F|  |TAMS 0x0000000087f00000, 0x0000000087f00000| Untracked 
| 128|0x0000000088000000, 0x0000000088000000, 0x0000000088100000|  0%| F|  |TAMS 0x0000000088000000, 0x0000000088000000| Untracked 
| 129|0x0000000088100000, 0x0000000088100000, 0x0000000088200000|  0%| F|  |TAMS 0x0000000088100000, 0x0000000088100000| Untracked 
| 130|0x0000000088200000, 0x0000000088200000, 0x0000000088300000|  0%| F|  |TAMS 0x0000000088200000, 0x0000000088200000| Untracked 
| 131|0x0000000088300000, 0x0000000088300000, 0x0000000088400000|  0%| F|  |TAMS 0x0000000088300000, 0x0000000088300000| Untracked 
| 132|0x0000000088400000, 0x0000000088400000, 0x0000000088500000|  0%| F|  |TAMS 0x0000000088400000, 0x0000000088400000| Untracked 
| 133|0x0000000088500000, 0x0000000088500000, 0x0000000088600000|  0%| F|  |TAMS 0x0000000088500000, 0x0000000088500000| Untracked 
| 134|0x0000000088600000, 0x0000000088600000, 0x0000000088700000|  0%| F|  |TAMS 0x0000000088600000, 0x0000000088600000| Untracked 
| 135|0x0000000088700000, 0x0000000088700000, 0x0000000088800000|  0%| F|  |TAMS 0x0000000088700000, 0x0000000088700000| Untracked 
| 136|0x0000000088800000, 0x0000000088800000, 0x0000000088900000|  0%| F|  |TAMS 0x0000000088800000, 0x0000000088800000| Untracked 
| 137|0x0000000088900000, 0x0000000088900000, 0x0000000088a00000|  0%| F|  |TAMS 0x0000000088900000, 0x0000000088900000| Untracked 
| 138|0x0000000088a00000, 0x0000000088a00000, 0x0000000088b00000|  0%| F|  |TAMS 0x0000000088a00000, 0x0000000088a00000| Untracked 
| 139|0x0000000088b00000, 0x0000000088b00000, 0x0000000088c00000|  0%| F|  |TAMS 0x0000000088b00000, 0x0000000088b00000| Untracked 
| 140|0x0000000088c00000, 0x0000000088c00000, 0x0000000088d00000|  0%| F|  |TAMS 0x0000000088c00000, 0x0000000088c00000| Untracked 
| 141|0x0000000088d00000, 0x0000000088d00000, 0x0000000088e00000|  0%| F|  |TAMS 0x0000000088d00000, 0x0000000088d00000| Untracked 
| 142|0x0000000088e00000, 0x0000000088e00000, 0x0000000088f00000|  0%| F|  |TAMS 0x0000000088e00000, 0x0000000088e00000| Untracked 
| 143|0x0000000088f00000, 0x0000000088f00000, 0x0000000089000000|  0%| F|  |TAMS 0x0000000088f00000, 0x0000000088f00000| Untracked 
| 144|0x0000000089000000, 0x0000000089000000, 0x0000000089100000|  0%| F|  |TAMS 0x0000000089000000, 0x0000000089000000| Untracked 
| 145|0x0000000089100000, 0x0000000089100000, 0x0000000089200000|  0%| F|  |TAMS 0x0000000089100000, 0x0000000089100000| Untracked 
| 146|0x0000000089200000, 0x0000000089200000, 0x0000000089300000|  0%| F|  |TAMS 0x0000000089200000, 0x0000000089200000| Untracked 
| 147|0x0000000089300000, 0x0000000089300000, 0x0000000089400000|  0%| F|  |TAMS 0x0000000089300000, 0x0000000089300000| Untracked 
| 148|0x0000000089400000, 0x0000000089400000, 0x0000000089500000|  0%| F|  |TAMS 0x0000000089400000, 0x0000000089400000| Untracked 
| 149|0x0000000089500000, 0x0000000089500000, 0x0000000089600000|  0%| F|  |TAMS 0x0000000089500000, 0x0000000089500000| Untracked 
| 150|0x0000000089600000, 0x0000000089600000, 0x0000000089700000|  0%| F|  |TAMS 0x0000000089600000, 0x0000000089600000| Untracked 
| 151|0x0000000089700000, 0x0000000089700000, 0x0000000089800000|  0%| F|  |TAMS 0x0000000089700000, 0x0000000089700000| Untracked 
| 152|0x0000000089800000, 0x0000000089800000, 0x0000000089900000|  0%| F|  |TAMS 0x0000000089800000, 0x0000000089800000| Untracked 
| 253|0x000000008fd00000, 0x000000008fd00000, 0x000000008fe00000|  0%| F|  |TAMS 0x000000008fd00000, 0x000000008fd00000| Untracked 

Card table byte_map: [0x0000022e7c780000,0x0000022e7cb80000] _byte_map_base: 0x0000022e7c380000

Marking Bits (Prev, Next): (CMBitMap*) 0x0000022e6420da20, (CMBitMap*) 0x0000022e6420da60
 Prev Bits: [0x0000022e7cf80000, 0x0000022e7ef80000)
 Next Bits: [0x0000022e00000000, 0x0000022e02000000)

Polling page: 0x0000022e63960000

Metaspace:

Usage:
  Non-class:     66.86 MB used.
      Class:     10.92 MB used.
       Both:     77.78 MB used.

Virtual space:
  Non-class space:      128.00 MB reserved,      67.25 MB ( 53%) committed,  2 nodes.
      Class space:      416.00 MB reserved,      11.25 MB (  3%) committed,  1 nodes.
             Both:      544.00 MB reserved,      78.50 MB ( 14%) committed. 

Chunk freelists:
   Non-Class:  11.92 MB
       Class:  4.80 MB
        Both:  16.72 MB

MaxMetaspaceSize: 512.00 MB
CompressedClassSpaceSize: 416.00 MB
Initial GC threshold: 21.00 MB
Current GC threshold: 121.88 MB
CDS: on
MetaspaceReclaimPolicy: balanced
 - commit_granule_bytes: 65536.
 - commit_granule_words: 8192.
 - virtual_space_node_default_size: 8388608.
 - enlarge_chunks_in_place: 1.
 - new_chunks_are_fully_committed: 0.
 - uncommit_free_chunks: 1.
 - use_allocation_guard: 0.
 - handle_deallocations: 1.


Internal statistics:

num_allocs_failed_limit: 6.
num_arena_births: 950.
num_arena_deaths: 0.
num_vsnodes_births: 3.
num_vsnodes_deaths: 0.
num_space_committed: 1256.
num_space_uncommitted: 0.
num_chunks_returned_to_freelist: 6.
num_chunks_taken_from_freelist: 4286.
num_chunk_merges: 6.
num_chunk_splits: 2819.
num_chunks_enlarged: 1888.
num_inconsistent_stats: 0.

CodeHeap 'non-profiled nmethods': size=120000Kb used=4550Kb max_used=5221Kb free=115450Kb
 bounds [0x0000022e74b20000, 0x0000022e75040000, 0x0000022e7c050000]
CodeHeap 'profiled nmethods': size=120000Kb used=15660Kb max_used=17763Kb free=104339Kb
 bounds [0x0000022e6d050000, 0x0000022e6e1b0000, 0x0000022e74580000]
CodeHeap 'non-nmethods': size=5760Kb used=2393Kb max_used=2434Kb free=3366Kb
 bounds [0x0000022e74580000, 0x0000022e747f0000, 0x0000022e74b20000]
 total_blobs=9176 nmethods=8268 adapters=819
 compilation: enabled
              stopped_count=0, restarted_count=0
 full_count=0

Compilation events (20 events):
Event: 14.372 Thread 0x0000022e7f9d67f0 9831       3       org.gradle.api.internal.provider.AbstractProperty::setConvention (24 bytes)
Event: 14.372 Thread 0x0000022e7f9d67f0 nmethod 9831 0x0000022e6d0b8610 code [0x0000022e6d0b87e0, 0x0000022e6d0b8dc8]
Event: 14.372 Thread 0x0000022e7f9d67f0 9832       3       org.gradle.api.internal.provider.ValueState$NonFinalizedValue::applyConvention (16 bytes)
Event: 14.372 Thread 0x0000022e7f9d67f0 nmethod 9832 0x0000022e6d397190 code [0x0000022e6d397320, 0x0000022e6d3974f8]
Event: 14.387 Thread 0x0000022e7f9d67f0 9833       3       kotlin.SafePublicationLazyImpl::getValue (56 bytes)
Event: 14.387 Thread 0x0000022e7f9d67f0 nmethod 9833 0x0000022e6d4bfc10 code [0x0000022e6d4bfde0, 0x0000022e6d4c0198]
Event: 14.388 Thread 0x0000022e7f9d67f0 9834       3       org.objectweb.asm.ByteVector::putByteArray (49 bytes)
Event: 14.388 Thread 0x0000022e7f9d67f0 nmethod 9834 0x0000022e6d123110 code [0x0000022e6d1232c0, 0x0000022e6d123598]
Event: 14.390 Thread 0x0000022e7f9d67f0 9835       3       kotlin.collections.EmptyList::size (5 bytes)
Event: 14.390 Thread 0x0000022e7f9d67f0 nmethod 9835 0x0000022e6d3e9010 code [0x0000022e6d3e91a0, 0x0000022e6d3e9318]
Event: 14.400 Thread 0x0000022e7f9d67f0 9836       3       org.gradle.api.internal.artifacts.configurations.DefaultConfigurationContainer::findByName (9 bytes)
Event: 14.400 Thread 0x0000022e7f9d67f0 nmethod 9836 0x0000022e6d0b2490 code [0x0000022e6d0b2640, 0x0000022e6d0b2888]
Event: 14.400 Thread 0x0000022e7f9d67f0 9837       1       org.gradle.api.internal.artifacts.configurations.DefaultConfiguration::getArtifacts (5 bytes)
Event: 14.400 Thread 0x0000022e7f9d67f0 nmethod 9837 0x0000022e74f1e110 code [0x0000022e74f1e2a0, 0x0000022e74f1e378]
Event: 14.401 Thread 0x0000022e7f9d67f0 9838       3       org.gradle.api.internal.DefaultNamedDomainObjectCollection::hasWithName (32 bytes)
Event: 14.401 Thread 0x0000022e25acd980 9839       4       org.gradle.tooling.internal.provider.runner.ClientBuildEventGenerator$Disabled::accept (20 bytes)
Event: 14.401 Thread 0x0000022e7f9d67f0 nmethod 9838 0x0000022e6d5e0b90 code [0x0000022e6d5e0d40, 0x0000022e6d5e1098]
Event: 14.401 Thread 0x0000022e25acd980 nmethod 9839 0x0000022e74ba5690 code [0x0000022e74ba5820, 0x0000022e74ba5938]
Event: 14.403 Thread 0x0000022e7f9d67f0 9840       1       org.gradle.plugin.use.internal.DefaultPluginId::toString (5 bytes)
Event: 14.403 Thread 0x0000022e7f9d67f0 nmethod 9840 0x0000022e74dc8a90 code [0x0000022e74dc8c20, 0x0000022e74dc8cf8]

GC Heap History (20 events):
Event: 11.649 GC heap after
{Heap after GC invocations=26 (full 0):
 garbage-first heap   total 115712K, used 62658K [0x0000000080000000, 0x0000000100000000)
  region size 1024K, 1 young (1024K), 1 survivors (1024K)
 Metaspace       used 61461K, committed 62080K, reserved 491520K
  class space    used 8714K, committed 9024K, reserved 425984K
}
Event: 11.905 GC heap before
{Heap before GC invocations=26 (full 0):
 garbage-first heap   total 115712K, used 93378K [0x0000000080000000, 0x0000000100000000)
  region size 1024K, 31 young (31744K), 1 survivors (1024K)
 Metaspace       used 62993K, committed 63744K, reserved 491520K
  class space    used 8942K, committed 9280K, reserved 425984K
}
Event: 11.907 GC heap after
{Heap after GC invocations=27 (full 0):
 garbage-first heap   total 147456K, used 64659K [0x0000000080000000, 0x0000000100000000)
  region size 1024K, 3 young (3072K), 3 survivors (3072K)
 Metaspace       used 62993K, committed 63744K, reserved 491520K
  class space    used 8942K, committed 9280K, reserved 425984K
}
Event: 12.596 GC heap before
{Heap before GC invocations=28 (full 0):
 garbage-first heap   total 147456K, used 114835K [0x0000000080000000, 0x0000000100000000)
  region size 1024K, 52 young (53248K), 3 survivors (3072K)
 Metaspace       used 66364K, committed 67072K, reserved 491520K
  class space    used 9460K, committed 9792K, reserved 425984K
}
Event: 12.601 GC heap after
{Heap after GC invocations=29 (full 0):
 garbage-first heap   total 147456K, used 68712K [0x0000000080000000, 0x0000000100000000)
  region size 1024K, 7 young (7168K), 7 survivors (7168K)
 Metaspace       used 66364K, committed 67072K, reserved 491520K
  class space    used 9460K, committed 9792K, reserved 425984K
}
Event: 12.610 GC heap before
{Heap before GC invocations=29 (full 0):
 garbage-first heap   total 147456K, used 69736K [0x0000000080000000, 0x0000000100000000)
  region size 1024K, 8 young (8192K), 7 survivors (7168K)
 Metaspace       used 66485K, committed 67136K, reserved 491520K
  class space    used 9486K, committed 9792K, reserved 425984K
}
Event: 12.613 GC heap after
{Heap after GC invocations=30 (full 0):
 garbage-first heap   total 147456K, used 69197K [0x0000000080000000, 0x0000000100000000)
  region size 1024K, 1 young (1024K), 1 survivors (1024K)
 Metaspace       used 66485K, committed 67136K, reserved 491520K
  class space    used 9486K, committed 9792K, reserved 425984K
}
Event: 13.008 GC heap before
{Heap before GC invocations=30 (full 0):
 garbage-first heap   total 147456K, used 109133K [0x0000000080000000, 0x0000000100000000)
  region size 1024K, 42 young (43008K), 1 survivors (1024K)
 Metaspace       used 67667K, committed 68352K, reserved 491520K
  class space    used 9678K, committed 9984K, reserved 425984K
}
Event: 13.010 GC heap after
{Heap after GC invocations=31 (full 0):
 garbage-first heap   total 147456K, used 70293K [0x0000000080000000, 0x0000000100000000)
  region size 1024K, 2 young (2048K), 2 survivors (2048K)
 Metaspace       used 67667K, committed 68352K, reserved 491520K
  class space    used 9678K, committed 9984K, reserved 425984K
}
Event: 13.526 GC heap before
{Heap before GC invocations=32 (full 0):
 garbage-first heap   total 147456K, used 123541K [0x0000000080000000, 0x0000000100000000)
  region size 1024K, 49 young (50176K), 2 survivors (2048K)
 Metaspace       used 70841K, committed 71552K, reserved 491520K
  class space    used 10028K, committed 10368K, reserved 425984K
}
Event: 13.529 GC heap after
{Heap after GC invocations=33 (full 0):
 garbage-first heap   total 147456K, used 82690K [0x0000000080000000, 0x0000000100000000)
  region size 1024K, 7 young (7168K), 7 survivors (7168K)
 Metaspace       used 70841K, committed 71552K, reserved 491520K
  class space    used 10028K, committed 10368K, reserved 425984K
}
Event: 13.535 GC heap before
{Heap before GC invocations=33 (full 0):
 garbage-first heap   total 147456K, used 82690K [0x0000000080000000, 0x0000000100000000)
  region size 1024K, 8 young (8192K), 7 survivors (7168K)
 Metaspace       used 70897K, committed 71616K, reserved 491520K
  class space    used 10038K, committed 10368K, reserved 425984K
}
Event: 13.538 GC heap after
{Heap after GC invocations=34 (full 0):
 garbage-first heap   total 147456K, used 82511K [0x0000000080000000, 0x0000000100000000)
  region size 1024K, 1 young (1024K), 1 survivors (1024K)
 Metaspace       used 70897K, committed 71616K, reserved 491520K
  class space    used 10038K, committed 10368K, reserved 425984K
}
Event: 13.864 GC heap before
{Heap before GC invocations=34 (full 0):
 garbage-first heap   total 147456K, used 127567K [0x0000000080000000, 0x0000000100000000)
  region size 1024K, 39 young (39936K), 1 survivors (1024K)
 Metaspace       used 73758K, committed 74496K, reserved 491520K
  class space    used 10392K, committed 10688K, reserved 425984K
}
Event: 13.867 GC heap after
{Heap after GC invocations=35 (full 0):
 garbage-first heap   total 147456K, used 86385K [0x0000000080000000, 0x0000000100000000)
  region size 1024K, 5 young (5120K), 5 survivors (5120K)
 Metaspace       used 73758K, committed 74496K, reserved 491520K
  class space    used 10392K, committed 10688K, reserved 425984K
}
Event: 14.102 GC heap before
{Heap before GC invocations=36 (full 0):
 garbage-first heap   total 157696K, used 120177K [0x0000000080000000, 0x0000000100000000)
  region size 1024K, 38 young (38912K), 5 survivors (5120K)
 Metaspace       used 76141K, committed 76864K, reserved 557056K
  class space    used 10703K, committed 11008K, reserved 425984K
}
Event: 14.104 GC heap after
{Heap after GC invocations=37 (full 0):
 garbage-first heap   total 157696K, used 88230K [0x0000000080000000, 0x0000000100000000)
  region size 1024K, 2 young (2048K), 2 survivors (2048K)
 Metaspace       used 76141K, committed 76864K, reserved 557056K
  class space    used 10703K, committed 11008K, reserved 425984K
}
Event: 14.141 GC heap before
{Heap before GC invocations=37 (full 0):
 garbage-first heap   total 157696K, used 93350K [0x0000000080000000, 0x0000000100000000)
  region size 1024K, 7 young (7168K), 2 survivors (2048K)
 Metaspace       used 76465K, committed 77184K, reserved 557056K
  class space    used 10747K, committed 11072K, reserved 425984K
}
Event: 14.144 GC heap after
{Heap after GC invocations=38 (full 0):
 garbage-first heap   total 157696K, used 88348K [0x0000000080000000, 0x0000000100000000)
  region size 1024K, 1 young (1024K), 1 survivors (1024K)
 Metaspace       used 76465K, committed 77184K, reserved 557056K
  class space    used 10747K, committed 11072K, reserved 425984K
}
Event: 14.404 GC heap before
{Heap before GC invocations=38 (full 0):
 garbage-first heap   total 157696K, used 130332K [0x0000000080000000, 0x0000000100000000)
  region size 1024K, 42 young (43008K), 1 survivors (1024K)
 Metaspace       used 79650K, committed 80384K, reserved 557056K
  class space    used 11182K, committed 11520K, reserved 425984K
}

Dll operation events (15 events):
Event: 0.011 Loaded shared library C:\Program Files\OpenLogic\jdk-17.0.11.9-hotspot\bin\java.dll
Event: 0.068 Loaded shared library C:\Program Files\OpenLogic\jdk-17.0.11.9-hotspot\bin\jsvml.dll
Event: 0.099 Loaded shared library C:\Program Files\OpenLogic\jdk-17.0.11.9-hotspot\bin\zip.dll
Event: 0.101 Loaded shared library C:\Program Files\OpenLogic\jdk-17.0.11.9-hotspot\bin\instrument.dll
Event: 0.104 Loaded shared library C:\Program Files\OpenLogic\jdk-17.0.11.9-hotspot\bin\net.dll
Event: 0.105 Loaded shared library C:\Program Files\OpenLogic\jdk-17.0.11.9-hotspot\bin\nio.dll
Event: 0.108 Loaded shared library C:\Program Files\OpenLogic\jdk-17.0.11.9-hotspot\bin\zip.dll
Event: 0.229 Loaded shared library C:\Program Files\OpenLogic\jdk-17.0.11.9-hotspot\bin\jimage.dll
Event: 0.268 Loaded shared library C:\Program Files\OpenLogic\jdk-17.0.11.9-hotspot\bin\verify.dll
Event: 0.366 Loaded shared library C:\Users\delos\.gradle\native\c067742578af261105cb4f569cf0c3c89f3d7b1fecec35dd04571415982c5e48\windows-amd64\native-platform.dll
Event: 0.374 Loaded shared library C:\Users\delos\.gradle\native\38dada09dfb8b06ba9b0570ebf7e218e3eb74d4ef43ca46872605cf95ebc2f47\windows-amd64\native-platform-file-events.dll
Event: 1.294 Loaded shared library C:\Program Files\OpenLogic\jdk-17.0.11.9-hotspot\bin\management.dll
Event: 1.296 Loaded shared library C:\Program Files\OpenLogic\jdk-17.0.11.9-hotspot\bin\management_ext.dll
Event: 1.494 Loaded shared library C:\Program Files\OpenLogic\jdk-17.0.11.9-hotspot\bin\extnet.dll
Event: 1.613 Loaded shared library C:\Program Files\OpenLogic\jdk-17.0.11.9-hotspot\bin\sunmscapi.dll

Deoptimization events (20 events):
Event: 14.199 Thread 0x0000022e2528b040 Uncommon trap: trap_request=0xffffff45 fr.pc=0x0000022e74eac8a0 relative=0x00000000000053c0
Event: 14.199 Thread 0x0000022e2528b040 Uncommon trap: reason=unstable_if action=reinterpret pc=0x0000022e74eac8a0 method=org.gradle.internal.reflect.PropertyAccessorType.of(Ljava/lang/reflect/Method;)Lorg/gradle/internal/reflect/PropertyAccessorType; @ 56 c2
Event: 14.199 Thread 0x0000022e2528b040 DEOPT PACKING pc=0x0000022e74eac8a0 sp=0x000000e6402f34a0
Event: 14.199 Thread 0x0000022e2528b040 DEOPT UNPACKING pc=0x0000022e745da1a3 sp=0x000000e6402f3450 mode 2
Event: 14.211 Thread 0x0000022e2528b040 Uncommon trap: trap_request=0xffffff45 fr.pc=0x0000022e74e0f5d4 relative=0x0000000000000154
Event: 14.211 Thread 0x0000022e2528b040 Uncommon trap: reason=unstable_if action=reinterpret pc=0x0000022e74e0f5d4 method=org.objectweb.asm.ByteVector.putByteArray([BII)Lorg/objectweb/asm/ByteVector; @ 20 c2
Event: 14.211 Thread 0x0000022e2528b040 DEOPT PACKING pc=0x0000022e74e0f5d4 sp=0x000000e6402f1780
Event: 14.211 Thread 0x0000022e2528b040 DEOPT UNPACKING pc=0x0000022e745da1a3 sp=0x000000e6402f1750 mode 2
Event: 14.212 Thread 0x0000022e2528b040 Uncommon trap: trap_request=0xffffff45 fr.pc=0x0000022e74ce037c relative=0x00000000000009bc
Event: 14.212 Thread 0x0000022e2528b040 Uncommon trap: reason=unstable_if action=reinterpret pc=0x0000022e74ce037c method=org.objectweb.asm.Label.resolve([BI)Z @ 80 c2
Event: 14.212 Thread 0x0000022e2528b040 DEOPT PACKING pc=0x0000022e74ce037c sp=0x000000e6402f17c0
Event: 14.212 Thread 0x0000022e2528b040 DEOPT UNPACKING pc=0x0000022e745da1a3 sp=0x000000e6402f16e0 mode 2
Event: 14.212 Thread 0x0000022e2528b040 Uncommon trap: trap_request=0xffffff45 fr.pc=0x0000022e74badec0 relative=0x0000000000000220
Event: 14.212 Thread 0x0000022e2528b040 Uncommon trap: reason=unstable_if action=reinterpret pc=0x0000022e74badec0 method=org.objectweb.asm.Label.resolve([BI)Z @ 80 c2
Event: 14.212 Thread 0x0000022e2528b040 DEOPT PACKING pc=0x0000022e74badec0 sp=0x000000e6402f1750
Event: 14.212 Thread 0x0000022e2528b040 DEOPT UNPACKING pc=0x0000022e745da1a3 sp=0x000000e6402f16d0 mode 2
Event: 14.316 Thread 0x0000022e2528b040 Uncommon trap: trap_request=0xffffff76 fr.pc=0x0000022e74f774a8 relative=0x0000000000000088
Event: 14.316 Thread 0x0000022e2528b040 Uncommon trap: reason=predicate action=maybe_recompile pc=0x0000022e74f774a8 method=java.util.TimSort.binarySort([Ljava/lang/Object;IIILjava/util/Comparator;)V @ 34 c2
Event: 14.316 Thread 0x0000022e2528b040 DEOPT PACKING pc=0x0000022e74f774a8 sp=0x000000e6402f4490
Event: 14.316 Thread 0x0000022e2528b040 DEOPT UNPACKING pc=0x0000022e745da1a3 sp=0x000000e6402f4440 mode 2

Classes unloaded (0 events):
No events

Classes redefined (0 events):
No events

Internal exceptions (20 events):
Event: 12.798 Thread 0x0000022e25b989e0 Exception <a 'sun/nio/fs/WindowsException'{0x0000000087fbe860}> (0x0000000087fbe860) 
thrown [s\src\hotspot\share\prims\jni.cpp, line 516]
Event: 13.004 Thread 0x0000022e2528b040 Exception <a 'java/lang/ClassNotFoundException'{0x00000000866490d8}: build_22krihhk02eb3f6ve3a0yz5idBeanInfo> (0x00000000866490d8) 
thrown [s\src\hotspot\share\classfile\systemDictionary.cpp, line 256]
Event: 13.004 Thread 0x0000022e2528b040 Exception <a 'java/lang/ClassNotFoundException'{0x000000008664f9d8}: build_22krihhk02eb3f6ve3a0yz5idCustomizer> (0x000000008664f9d8) 
thrown [s\src\hotspot\share\classfile\systemDictionary.cpp, line 256]
Event: 13.197 Thread 0x0000022e2528b040 Exception <a 'java/lang/ClassNotFoundException'{0x000000008873f8f0}: build_djpybsrzgt5i3s32p6lm81z11BeanInfo> (0x000000008873f8f0) 
thrown [s\src\hotspot\share\classfile\systemDictionary.cpp, line 256]
Event: 13.197 Thread 0x0000022e2528b040 Exception <a 'java/lang/ClassNotFoundException'{0x000000008874afc8}: build_djpybsrzgt5i3s32p6lm81z11Customizer> (0x000000008874afc8) 
thrown [s\src\hotspot\share\classfile\systemDictionary.cpp, line 256]
Event: 13.739 Thread 0x0000022e2528b040 Implicit null exception at 0x0000022e74cfe38c to 0x0000022e74cfe4be
Event: 13.844 Thread 0x0000022e2528b040 Exception <a 'sun/nio/fs/WindowsException'{0x0000000086cfd6c0}> (0x0000000086cfd6c0) 
thrown [s\src\hotspot\share\prims\jni.cpp, line 516]
Event: 14.211 Thread 0x0000022e2528b040 Implicit null exception at 0x0000022e74e0f4c8 to 0x0000022e74e0f5b4
Event: 14.271 Thread 0x0000022e2528b040 Exception <a 'java/lang/NoSuchMethodError'{0x00000000889fcd60}: static Lorg/jetbrains/kotlin/gradle/plugin/internal/DefaultConfigurationTimePropertiesAccessorVariantFactory;.<clinit>()V> (0x00000000889fcd60) 
thrown [s\src\hotspot\share\prims\jni.cpp, line 1112]
Event: 14.271 Thread 0x0000022e2528b040 Exception <a 'java/lang/NoSuchMethodError'{0x000000008881ae08}: static Lorg/jetbrains/kotlin/gradle/plugin/internal/DefaultProjectIsolationStartParameterAccessorVariantFactory;.<clinit>()V> (0x000000008881ae08) 
thrown [s\src\hotspot\share\prims\jni.cpp, line 1112]
Event: 14.272 Thread 0x0000022e2528b040 Exception <a 'java/lang/NoSuchMethodError'{0x000000008883f9f0}: static Lorg/jetbrains/kotlin/gradle/plugin/internal/DefaultArtifactTypeAttributeAccessorVariantFactory;.<clinit>()V> (0x000000008883f9f0) 
thrown [s\src\hotspot\share\prims\jni.cpp, line 1112]
Event: 14.273 Thread 0x0000022e2528b040 Exception <a 'java/lang/NoSuchMethodError'{0x00000000888642c0}: static Lorg/jetbrains/kotlin/gradle/plugin/internal/DefaultCompatibilityConventionRegistrar$Factory;.<clinit>()V> (0x00000000888642c0) 
thrown [s\src\hotspot\share\prims\jni.cpp, line 1112]
Event: 14.273 Thread 0x0000022e2528b040 Exception <a 'java/lang/NoSuchMethodError'{0x00000000888829b0}: static Lorg/jetbrains/kotlin/gradle/plugin/internal/DefaultJavaSourceSetsAccessorVariantFactory;.<clinit>()V> (0x00000000888829b0) 
thrown [s\src\hotspot\share\prims\jni.cpp, line 1112]
Event: 14.274 Thread 0x0000022e2528b040 Exception <a 'java/lang/NoSuchMethodError'{0x00000000888a0528}: static Lorg/jetbrains/kotlin/gradle/plugin/internal/DefaultIdeaSyncDetectorVariantFactory;.<clinit>()V> (0x00000000888a0528) 
thrown [s\src\hotspot\share\prims\jni.cpp, line 1112]
Event: 14.275 Thread 0x0000022e2528b040 Exception <a 'java/lang/NoSuchMethodError'{0x00000000888bf4d8}: static Lorg/jetbrains/kotlin/gradle/plugin/internal/DefaultKotlinTestReportCompatibilityHelperVariantFactory;.<clinit>()V> (0x00000000888bf4d8) 
thrown [s\src\hotspot\share\prims\jni.cpp, line 1112]
Event: 14.276 Thread 0x0000022e2528b040 Exception <a 'java/lang/NoSuchMethodError'{0x00000000888ddf18}: static Lorg/jetbrains/kotlin/gradle/plugin/internal/DefaultMppTestReportHelperVariantFactory;.<clinit>()V> (0x00000000888ddf18) 
thrown [s\src\hotspot\share\prims\jni.cpp, line 1112]
Event: 14.276 Thread 0x0000022e2528b040 Exception <a 'java/lang/NoSuchMethodError'{0x0000000088703478}: static Lorg/jetbrains/kotlin/gradle/plugin/internal/DefaultConfigurationCacheStartParameterAccessorVariantFactory;.<clinit>()V> (0x0000000088703478) 
thrown [s\src\hotspot\share\prims\jni.cpp, line 1112]
Event: 14.277 Thread 0x0000022e2528b040 Exception <a 'java/lang/NoSuchMethodError'{0x0000000088722b18}: static Lorg/jetbrains/kotlin/gradle/plugin/internal/MavenPluginConfigurator$DefaultMavenPluginConfiguratorVariantFactory;.<clinit>()V> (0x0000000088722b18) 
thrown [s\src\hotspot\share\prims\jni.cpp, line 1112]
Event: 14.278 Thread 0x0000022e2528b040 Exception <a 'java/lang/NoSuchMethodError'{0x00000000887406e8}: static Lorg/jetbrains/kotlin/gradle/targets/js/nodejs/DefaultUnameExecutorVariantFactory;.<clinit>()V> (0x00000000887406e8) 
thrown [s\src\hotspot\share\prims\jni.cpp, line 1112]
Event: 14.279 Thread 0x0000022e2528b040 Exception <a 'java/lang/NoSuchMethodError'{0x000000008875eca0}: static Lorg/jetbrains/kotlin/gradle/plugin/internal/DefaultBasePluginConfigurationVariantFactory;.<clinit>()V> (0x000000008875eca0) 
thrown [s\src\hotspot\share\prims\jni.cpp, line 1112]

VM Operations (20 events):
Event: 13.707 Executing VM operation: HandshakeAllThreads done
Event: 13.747 Executing VM operation: HandshakeAllThreads
Event: 13.747 Executing VM operation: HandshakeAllThreads done
Event: 13.864 Executing VM operation: G1CollectForAllocation
Event: 13.867 Executing VM operation: G1CollectForAllocation done
Event: 13.912 Executing VM operation: G1PauseRemark
Event: 13.914 Executing VM operation: G1PauseRemark done
Event: 13.932 Executing VM operation: G1PauseCleanup
Event: 13.932 Executing VM operation: G1PauseCleanup done
Event: 14.102 Executing VM operation: G1CollectForAllocation
Event: 14.104 Executing VM operation: G1CollectForAllocation done
Event: 14.141 Executing VM operation: G1CollectForAllocation
Event: 14.144 Executing VM operation: G1CollectForAllocation done
Event: 14.199 Executing VM operation: HandshakeAllThreads
Event: 14.200 Executing VM operation: HandshakeAllThreads done
Event: 14.212 Executing VM operation: HandshakeAllThreads
Event: 14.212 Executing VM operation: HandshakeAllThreads done
Event: 14.224 Executing VM operation: HandshakeAllThreads
Event: 14.224 Executing VM operation: HandshakeAllThreads done
Event: 14.404 Executing VM operation: G1CollectForAllocation

Events (20 events):
Event: 14.231 Thread 0x0000022e7f9dfd40 flushing nmethod 0x0000022e6df7ff10
Event: 14.231 Thread 0x0000022e7f9dfd40 flushing nmethod 0x0000022e6df82490
Event: 14.231 Thread 0x0000022e7f9dfd40 flushing nmethod 0x0000022e6e0c3710
Event: 14.231 Thread 0x0000022e7f9dfd40 flushing nmethod 0x0000022e6e0c4310
Event: 14.231 Thread 0x0000022e7f9dfd40 flushing nmethod 0x0000022e6e0cef90
Event: 14.231 Thread 0x0000022e7f9dfd40 flushing nmethod 0x0000022e6e0cf510
Event: 14.231 Thread 0x0000022e7f9dfd40 flushing nmethod 0x0000022e6e0cf910
Event: 14.231 Thread 0x0000022e7f9dfd40 flushing nmethod 0x0000022e6e0cff90
Event: 14.231 Thread 0x0000022e7f9dfd40 flushing nmethod 0x0000022e6e0d4710
Event: 14.231 Thread 0x0000022e7f9dfd40 flushing nmethod 0x0000022e6e0d5010
Event: 14.231 Thread 0x0000022e7f9dfd40 flushing nmethod 0x0000022e6e0d5590
Event: 14.231 Thread 0x0000022e7f9dfd40 flushing nmethod 0x0000022e6e0d9690
Event: 14.231 Thread 0x0000022e7f9dfd40 flushing nmethod 0x0000022e6e0da390
Event: 14.231 Thread 0x0000022e7f9dfd40 flushing nmethod 0x0000022e6e0dd410
Event: 14.231 Thread 0x0000022e7f9dfd40 flushing nmethod 0x0000022e6e0e4c90
Event: 14.231 Thread 0x0000022e7f9dfd40 flushing nmethod 0x0000022e6e10f510
Event: 14.231 Thread 0x0000022e7f9dfd40 flushing nmethod 0x0000022e6e10fc90
Event: 14.231 Thread 0x0000022e7f9dfd40 flushing nmethod 0x0000022e6e110f90
Event: 14.231 Thread 0x0000022e7f9dfd40 flushing nmethod 0x0000022e6e113990
Event: 14.286 Thread 0x0000022e24d32ba0 Thread added: 0x0000022e24d32ba0


Dynamic libraries:
0x00007ff675cf0000 - 0x00007ff675cfe000 	C:\Program Files\OpenLogic\jdk-17.0.11.9-hotspot\bin\java.exe
0x00007ffae5a10000 - 0x00007ffae5c27000 	C:\WINDOWS\SYSTEM32\ntdll.dll
0x00007ffae4830000 - 0x00007ffae48f4000 	C:\WINDOWS\System32\KERNEL32.DLL
0x00007ffae2f40000 - 0x00007ffae32ed000 	C:\WINDOWS\System32\KERNELBASE.dll
0x00007ffae3620000 - 0x00007ffae3731000 	C:\WINDOWS\System32\ucrtbase.dll
0x00007ffada330000 - 0x00007ffada34b000 	C:\Program Files\OpenLogic\jdk-17.0.11.9-hotspot\bin\VCRUNTIME140.dll
0x00007ffad6ac0000 - 0x00007ffad6ad7000 	C:\Program Files\OpenLogic\jdk-17.0.11.9-hotspot\bin\jli.dll
0x00007ffae55c0000 - 0x00007ffae576e000 	C:\WINDOWS\System32\USER32.dll
0x00007ffae3460000 - 0x00007ffae3486000 	C:\WINDOWS\System32\win32u.dll
0x00007ffaca880000 - 0x00007ffacab13000 	C:\WINDOWS\WinSxS\amd64_microsoft.windows.common-controls_6595b64144ccf1df_6.0.22621.3672_none_2713b9d173822955\COMCTL32.dll
0x00007ffae4900000 - 0x00007ffae4929000 	C:\WINDOWS\System32\GDI32.dll
0x00007ffae37a0000 - 0x00007ffae3847000 	C:\WINDOWS\System32\msvcrt.dll
0x00007ffae2d30000 - 0x00007ffae2e49000 	C:\WINDOWS\System32\gdi32full.dll
0x00007ffae34c0000 - 0x00007ffae355a000 	C:\WINDOWS\System32\msvcp_win.dll
0x00007ffae3760000 - 0x00007ffae3791000 	C:\WINDOWS\System32\IMM32.DLL
0x00007ffadd790000 - 0x00007ffadd79c000 	C:\Program Files\OpenLogic\jdk-17.0.11.9-hotspot\bin\vcruntime140_1.dll
0x00007ffad5ba0000 - 0x00007ffad5c2d000 	C:\Program Files\OpenLogic\jdk-17.0.11.9-hotspot\bin\msvcp140.dll
0x00007ffa942e0000 - 0x00007ffa94f42000 	C:\Program Files\OpenLogic\jdk-17.0.11.9-hotspot\bin\server\jvm.dll
0x00007ffae3bf0000 - 0x00007ffae3ca2000 	C:\WINDOWS\System32\ADVAPI32.dll
0x00007ffae3d30000 - 0x00007ffae3dd9000 	C:\WINDOWS\System32\sechost.dll
0x00007ffae3490000 - 0x00007ffae34b8000 	C:\WINDOWS\System32\bcrypt.dll
0x00007ffae3920000 - 0x00007ffae3a34000 	C:\WINDOWS\System32\RPCRT4.dll
0x00007ffae25f0000 - 0x00007ffae263d000 	C:\WINDOWS\SYSTEM32\POWRPROF.dll
0x00007ffadbe30000 - 0x00007ffadbe39000 	C:\WINDOWS\SYSTEM32\WSOCK32.dll
0x00007ffadce20000 - 0x00007ffadce54000 	C:\WINDOWS\SYSTEM32\WINMM.dll
0x00007ffadbcb0000 - 0x00007ffadbcba000 	C:\WINDOWS\SYSTEM32\VERSION.dll
0x00007ffae3850000 - 0x00007ffae38c1000 	C:\WINDOWS\System32\WS2_32.dll
0x00007ffae25d0000 - 0x00007ffae25e3000 	C:\WINDOWS\SYSTEM32\UMPDC.dll
0x00007ffae1d60000 - 0x00007ffae1d78000 	C:\WINDOWS\SYSTEM32\kernel.appcore.dll
0x00007ffada370000 - 0x00007ffada37a000 	C:\Program Files\OpenLogic\jdk-17.0.11.9-hotspot\bin\jimage.dll
0x00007ffae0700000 - 0x00007ffae0932000 	C:\WINDOWS\SYSTEM32\DBGHELP.DLL
0x00007ffae4390000 - 0x00007ffae471d000 	C:\WINDOWS\System32\combase.dll
0x00007ffae4c00000 - 0x00007ffae4cd7000 	C:\WINDOWS\System32\OLEAUT32.dll
0x00007ffac6580000 - 0x00007ffac65b2000 	C:\WINDOWS\SYSTEM32\dbgcore.DLL
0x00007ffae2ec0000 - 0x00007ffae2f3b000 	C:\WINDOWS\System32\bcryptPrimitives.dll
0x00007ffad5b40000 - 0x00007ffad5b4e000 	C:\Program Files\OpenLogic\jdk-17.0.11.9-hotspot\bin\instrument.dll
0x00007ffad5fb0000 - 0x00007ffad5fd5000 	C:\Program Files\OpenLogic\jdk-17.0.11.9-hotspot\bin\java.dll
0x00007ffacdba0000 - 0x00007ffacdc76000 	C:\Program Files\OpenLogic\jdk-17.0.11.9-hotspot\bin\jsvml.dll
0x00007ffae4ce0000 - 0x00007ffae5547000 	C:\WINDOWS\System32\SHELL32.dll
0x00007ffae0c80000 - 0x00007ffae157e000 	C:\WINDOWS\SYSTEM32\windows.storage.dll
0x00007ffae0b40000 - 0x00007ffae0c7f000 	C:\WINDOWS\SYSTEM32\wintypes.dll
0x00007ffae3df0000 - 0x00007ffae3ee9000 	C:\WINDOWS\System32\SHCORE.dll
0x00007ffae5550000 - 0x00007ffae55ae000 	C:\WINDOWS\System32\shlwapi.dll
0x00007ffae2c60000 - 0x00007ffae2c81000 	C:\WINDOWS\SYSTEM32\profapi.dll
0x00007fface880000 - 0x00007fface898000 	C:\Program Files\OpenLogic\jdk-17.0.11.9-hotspot\bin\zip.dll
0x00007ffad5f40000 - 0x00007ffad5f59000 	C:\Program Files\OpenLogic\jdk-17.0.11.9-hotspot\bin\net.dll
0x00007ffade370000 - 0x00007ffade4a6000 	C:\WINDOWS\SYSTEM32\WINHTTP.dll
0x00007ffae21d0000 - 0x00007ffae2239000 	C:\WINDOWS\system32\mswsock.dll
0x00007ffad5d70000 - 0x00007ffad5d86000 	C:\Program Files\OpenLogic\jdk-17.0.11.9-hotspot\bin\nio.dll
0x00007ffad6830000 - 0x00007ffad6840000 	C:\Program Files\OpenLogic\jdk-17.0.11.9-hotspot\bin\verify.dll
0x00007ffacdb70000 - 0x00007ffacdb97000 	C:\Users\delos\.gradle\native\c067742578af261105cb4f569cf0c3c89f3d7b1fecec35dd04571415982c5e48\windows-amd64\native-platform.dll
0x00007ffaad680000 - 0x00007ffaad7c4000 	C:\Users\delos\.gradle\native\38dada09dfb8b06ba9b0570ebf7e218e3eb74d4ef43ca46872605cf95ebc2f47\windows-amd64\native-platform-file-events.dll
0x00007ffad5ff0000 - 0x00007ffad5ff9000 	C:\Program Files\OpenLogic\jdk-17.0.11.9-hotspot\bin\management.dll
0x00007ffad5f30000 - 0x00007ffad5f3b000 	C:\Program Files\OpenLogic\jdk-17.0.11.9-hotspot\bin\management_ext.dll
0x00007ffae3de0000 - 0x00007ffae3de8000 	C:\WINDOWS\System32\PSAPI.DLL
0x00007ffae2430000 - 0x00007ffae244b000 	C:\WINDOWS\SYSTEM32\CRYPTSP.dll
0x00007ffae1cc0000 - 0x00007ffae1cf5000 	C:\WINDOWS\system32\rsaenh.dll
0x00007ffae22d0000 - 0x00007ffae22f8000 	C:\WINDOWS\SYSTEM32\USERENV.dll
0x00007ffae2450000 - 0x00007ffae245c000 	C:\WINDOWS\SYSTEM32\CRYPTBASE.dll
0x00007ffae17e0000 - 0x00007ffae180d000 	C:\WINDOWS\SYSTEM32\IPHLPAPI.DLL
0x00007ffae4930000 - 0x00007ffae4939000 	C:\WINDOWS\System32\NSI.dll
0x00007ffadd950000 - 0x00007ffadd969000 	C:\WINDOWS\SYSTEM32\dhcpcsvc6.DLL
0x00007ffadd590000 - 0x00007ffadd5af000 	C:\WINDOWS\SYSTEM32\dhcpcsvc.DLL
0x00007ffae1810000 - 0x00007ffae1908000 	C:\WINDOWS\SYSTEM32\DNSAPI.dll
0x00007ffad5d60000 - 0x00007ffad5d68000 	C:\Program Files\OpenLogic\jdk-17.0.11.9-hotspot\bin\extnet.dll
0x00007ffaccbf0000 - 0x00007ffaccbfe000 	C:\Program Files\OpenLogic\jdk-17.0.11.9-hotspot\bin\sunmscapi.dll
0x00007ffae32f0000 - 0x00007ffae3457000 	C:\WINDOWS\System32\CRYPT32.dll
0x00007ffae26e0000 - 0x00007ffae270e000 	C:\WINDOWS\SYSTEM32\ncrypt.dll
0x00007ffae26a0000 - 0x00007ffae26d7000 	C:\WINDOWS\SYSTEM32\NTASN1.dll
0x00007ffaccba0000 - 0x00007ffaccba8000 	C:\WINDOWS\system32\wshunix.dll
0x00007ffac53c0000 - 0x00007ffac53d7000 	C:\WINDOWS\system32\napinsp.dll
0x00007ffac4ec0000 - 0x00007ffac4edb000 	C:\WINDOWS\system32\pnrpnsp.dll
0x00007ffac4a10000 - 0x00007ffac4a21000 	C:\WINDOWS\System32\winrnr.dll
0x00007ffadcc60000 - 0x00007ffadcc75000 	C:\WINDOWS\system32\wshbth.dll
0x00007ffac49e0000 - 0x00007ffac4a07000 	C:\WINDOWS\system32\nlansp_c.dll
0x00007ffadba30000 - 0x00007ffadba3a000 	C:\Windows\System32\rasadhlp.dll
0x00007ffadc860000 - 0x00007ffadc8e3000 	C:\WINDOWS\System32\fwpuclnt.dll

dbghelp: loaded successfully - version: 4.0.5 - missing functions: none
symbol engine: initialized successfully - sym options: 0x614 - pdb path: .;C:\Program Files\OpenLogic\jdk-17.0.11.9-hotspot\bin;C:\WINDOWS\SYSTEM32;C:\WINDOWS\WinSxS\amd64_microsoft.windows.common-controls_6595b64144ccf1df_6.0.22621.3672_none_2713b9d173822955;C:\Program Files\OpenLogic\jdk-17.0.11.9-hotspot\bin\server;C:\Users\delos\.gradle\native\c067742578af261105cb4f569cf0c3c89f3d7b1fecec35dd04571415982c5e48\windows-amd64;C:\Users\delos\.gradle\native\38dada09dfb8b06ba9b0570ebf7e218e3eb74d4ef43ca46872605cf95ebc2f47\windows-amd64

VM Arguments:
jvm_args: -XX:MaxMetaspaceSize=512m --add-opens=java.base/java.util=ALL-UNNAMED --add-opens=java.base/java.lang=ALL-UNNAMED --add-opens=java.base/java.lang.invoke=ALL-UNNAMED --add-opens=java.prefs/java.util.prefs=ALL-UNNAMED --add-opens=java.base/java.nio.charset=ALL-UNNAMED --add-opens=java.base/java.net=ALL-UNNAMED --add-opens=java.base/java.util.concurrent.atomic=ALL-UNNAMED -Xmx2048m -Dfile.encoding=windows-1252 -Duser.country=IN -Duser.language=en -Duser.variant -javaagent:C:\Users\delos\.gradle\wrapper\dists\gradle-8.6-all\3mbtmo166bl6vumsh5k2lkq5h\gradle-8.6\lib\agents\gradle-instrumentation-agent-8.6.jar 
java_command: org.gradle.launcher.daemon.bootstrap.GradleDaemon 8.6
java_class_path (initial): C:\Users\delos\.gradle\wrapper\dists\gradle-8.6-all\3mbtmo166bl6vumsh5k2lkq5h\gradle-8.6\lib\gradle-launcher-8.6.jar
Launcher Type: SUN_STANDARD

[Global flags]
     intx CICompilerCount                          = 4                                         {product} {ergonomic}
   size_t CompressedClassSpaceSize                 = 436207616                                 {product} {ergonomic}
     uint ConcGCThreads                            = 2                                         {product} {ergonomic}
     uint G1ConcRefinementThreads                  = 8                                         {product} {ergonomic}
   size_t G1HeapRegionSize                         = 1048576                                   {product} {ergonomic}
    uintx GCDrainStackTargetSize                   = 64                                        {product} {ergonomic}
   size_t InitialHeapSize                          = 266338304                                 {product} {ergonomic}
   size_t MarkStackSize                            = 4194304                                   {product} {ergonomic}
   size_t MaxHeapSize                              = 2147483648                                {product} {command line}
   size_t MaxMetaspaceSize                         = 536870912                                 {product} {command line}
   size_t MaxNewSize                               = 1287651328                                {product} {ergonomic}
   size_t MinHeapDeltaBytes                        = 1048576                                   {product} {ergonomic}
   size_t MinHeapSize                              = 8388608                                   {product} {ergonomic}
    uintx NonNMethodCodeHeapSize                   = 5839372                                {pd product} {ergonomic}
    uintx NonProfiledCodeHeapSize                  = 122909434                              {pd product} {ergonomic}
    uintx ProfiledCodeHeapSize                     = 122909434                              {pd product} {ergonomic}
    uintx ReservedCodeCacheSize                    = 251658240                              {pd product} {ergonomic}
     bool SegmentedCodeCache                       = true                                      {product} {ergonomic}
   size_t SoftMaxHeapSize                          = 2147483648                             {manageable} {ergonomic}
     bool UseCompressedClassPointers               = true                           {product lp64_product} {ergonomic}
     bool UseCompressedOops                        = true                           {product lp64_product} {ergonomic}
     bool UseG1GC                                  = true                                      {product} {ergonomic}
     bool UseLargePagesIndividualAllocation        = false                                  {pd product} {ergonomic}

Logging:
Log output configuration:
 #0: stdout all=warning uptime,level,tags
 #1: stderr all=off uptime,level,tags

Environment Variables:
JAVA_HOME=C:\Program Files\OpenLogic\jdk-17.0.11.9-hotspot
CLASSPATH=C:\Users\delos\OneDrive\Desktop\app\newApp\android\\gradle\wrapper\gradle-wrapper.jar
PATH=C:\Users\delos\OneDrive\Desktop\app\newApp\node_modules\.bin;C:\Users\delos\OneDrive\Desktop\app\node_modules\.bin;C:\Users\delos\OneDrive\Desktop\node_modules\.bin;C:\Users\delos\OneDrive\node_modules\.bin;C:\Users\delos\node_modules\.bin;C:\Users\node_modules\.bin;C:\node_modules\.bin;C:\Users\delos\AppData\Roaming\nvm\v18.20.3\node_modules\npm\node_modules\@npmcli\run-script\lib\node-gyp-bin;C:\Program Files\OpenLogic\jdk-17.0.11.9-hotspot\bin;C:\WINDOWS\system32;C:\WINDOWS;C:\WINDOWS\System32\Wbem;C:\WINDOWS\System32\WindowsPowerShell\v1.0\;C:\WINDOWS\System32\OpenSSH\;C:\Program Files\Git\cmd;C:\Program Files\MongoDB\Server\6.0\bin;C:\Users\delos\AppData\Local\Android\Sdk;C:\Users\delos\AppData\Local\Android\Sdk\platform-tools;C:\Users\delos\AppData\Local\Android\Sdk\emulator;C:\Users\delos\AppData\Roaming\nvm;C:\Program Files\nodejs;C:\ProgramData\chocolatey\bin;C:\Users\delos\AppData\Local\Microsoft\WindowsApps;C:\Users\delos\AppData\Local\Programs\Microsoft VS Code\bin;C:\Program Files\MongoDB\Server\6.0\bin;C:\Users\delos\AppData\Roaming\npm;C:\Users\delos\AppData\Roaming\nvm;C:\Program Files\nodejs
USERNAME=delos
LANG=en_US.UTF-8
OS=Windows_NT
PROCESSOR_IDENTIFIER=Intel64 Family 6 Model 140 Stepping 1, GenuineIntel
TMP=C:\Users\delos\AppData\Local\Temp
TEMP=C:\Users\delos\AppData\Local\Temp



Periodic native trim disabled


---------------  S Y S T E M  ---------------

OS:
 Windows 11 , 64 bit Build 22621 (10.0.22621.3958)
OS uptime: 6 days 8:38 hours

CPU: total 8 (initial active 8) (4 cores per cpu, 2 threads per core) family 6 model 140 stepping 1 microcode 0x8a, cx8, cmov, fxsr, ht, mmx, 3dnowpref, sse, sse2, sse3, ssse3, sse4.1, sse4.2, popcnt, lzcnt, tsc, tscinvbit, avx, avx2, aes, erms, clmul, bmi1, bmi2, adx, avx512f, avx512dq, avx512cd, avx512bw, avx512vl, sha, fma, vzeroupper, avx512_vpopcntdq, avx512_vpclmulqdq, avx512_vaes, avx512_vnni, clflush, clflushopt, clwb, avx512_vbmi2, avx512_vbmi
Processor Information for all 8 processors :
  Max Mhz: 3110, Current Mhz: 3110, Mhz Limit: 3110

Memory: 4k page, system-wide physical 16167M (562M free)
TotalPageFile size 34917M (AvailPageFile size 75M)
current process WorkingSet (physical memory assigned to process): 397M, peak: 397M
current process commit charge ("private bytes"): 438M, peak: 538M

vm_info: OpenJDK 64-Bit Server VM (17.0.11+9-adhoc..jdk17u) for windows-amd64 JRE (17.0.11+9-adhoc..jdk17u), built on Apr 19 2024 08:33:45 by "" with MS VC++ 16.10 / 16.11 (VS2019)

END.
